INFO  [20110216 19:21:54] [9651] ArenaWSClient instantiated
INFO  [20110216 19:22:13] [9649] ArenaWSClient instantiated
INFO  [20110216 19:22:46] [9645] ArenaWSClient instantiated
INFO  [20110216 19:22:46] [9645] successful login for waynehe, session is 03d287aa-e910-4bfe-8bfe-fc20d14a0f6a
INFO  [20110222 21:20:06] [15573] ArenaWSClient instantiated
INFO  [20110222 21:20:10] [15573] successful login for russellto, session is 31eda22e-46c7-48fe-85b4-28561b30b33e
INFO  [20110222 21:20:20] [15572] ArenaWSClient instantiated
INFO  [20110222 21:23:41] [15567] ArenaWSClient instantiated
INFO  [20110222 21:27:56] [15566] ArenaWSClient instantiated
INFO  [20110222 21:27:56] [15566] successful login for russellto, session is 1bffcd96-4bee-4516-91df-b36f1551cd21
INFO  [20110222 21:28:45] [15570] ArenaWSClient instantiated
INFO  [20110222 21:29:10] [15568] ArenaWSClient instantiated
INFO  [20110222 21:31:03] [15567] ArenaWSClient instantiated
INFO  [20110222 21:31:07] [15573] ArenaWSClient instantiated
INFO  [20110222 21:32:44] [15569] ArenaWSClient instantiated
INFO  [20110222 21:33:01] [15567] ArenaWSClient instantiated
INFO  [20110222 21:33:08] [15566] ArenaWSClient instantiated
INFO  [20110222 21:34:01] [15570] ArenaWSClient instantiated
INFO  [20110222 21:34:07] [15566] ArenaWSClient instantiated
INFO  [20110222 21:35:01] [15572] ArenaWSClient instantiated
INFO  [20110223 13:27:43] [19681] Fixin to create class for ChmsIntegrationPlugin
INFO  [20110223 13:27:47] [19684] Fixin to create class for ChmsIntegrationPlugin
INFO  [20110223 21:21:42] [19679] Fixin to create class for ChmsIntegrationPlugin
INFO  [20110223 21:21:42] [19679] instantiate ChmsIntegrationPlugin
INFO  [20110223 21:21:42] [19679] ChmsIntegrationPlugin:authenticate
INFO  [20110223 21:21:50] [19677] Fixin to create class for ChmsIntegrationPlugin
INFO  [20110223 21:21:50] [19677] instantiate ChmsIntegrationPlugin
INFO  [20110223 21:21:50] [19677] ChmsIntegrationPlugin:authenticate
INFO  [20110223 21:24:32] [19684] Fixin to create class for ChmsIntegrationPlugin
INFO  [20110223 21:24:32] [19684] instantiate ChmsIntegrationPlugin
INFO  [20110223 21:24:32] [19684] ChmsIntegrationPlugin:authenticate
INFO  [20110223 21:26:09] [19682] Fixin to create class for ChmsIntegrationPlugin
INFO  [20110223 21:26:09] [19682] instantiate ChmsIntegrationPlugin
INFO  [20110223 21:26:09] [19682] ChmsIntegrationPlugin:authenticate
INFO  [20110223 21:26:09] [19682] ArenaWSClient instantiated
INFO  [20110223 21:26:20] [19682] successful login for russellto, session is 67d9b26b-c8e5-4f5d-b9cf-ef88bcf9d8a1
INFO  [20110223 21:26:23] [19679] Fixin to create class for ChmsIntegrationPlugin
INFO  [20110223 21:26:23] [19679] instantiate ChmsIntegrationPlugin
INFO  [20110223 21:26:24] [19679] Fixin to create class for ChmsIntegrationPlugin
INFO  [20110223 21:26:24] [19679] instantiate ChmsIntegrationPlugin
INFO  [20110223 21:26:25] [19683] Fixin to create class for ChmsIntegrationPlugin
INFO  [20110223 21:26:25] [19683] instantiate ChmsIntegrationPlugin
INFO  [20110223 21:26:25] [19681] Fixin to create class for ChmsIntegrationPlugin
INFO  [20110223 21:26:25] [19681] instantiate ChmsIntegrationPlugin
INFO  [20110223 21:26:26] [19677] Fixin to create class for ChmsIntegrationPlugin
INFO  [20110223 21:26:26] [19677] instantiate ChmsIntegrationPlugin
INFO  [20110223 21:26:26] [19680] Fixin to create class for ChmsIntegrationPlugin
INFO  [20110223 21:26:26] [19680] instantiate ChmsIntegrationPlugin
INFO  [20110223 21:26:30] [19678] Fixin to create class for ChmsIntegrationPlugin
INFO  [20110223 21:26:30] [19678] instantiate ChmsIntegrationPlugin
INFO  [20110223 21:26:34] [19681] Fixin to create class for ChmsIntegrationPlugin
INFO  [20110223 21:26:34] [19681] instantiate ChmsIntegrationPlugin
INFO  [20110223 21:27:10] [19683] Fixin to create class for ChmsIntegrationPlugin
INFO  [20110223 21:27:10] [19683] instantiate ChmsIntegrationPlugin
INFO  [20110223 21:27:10] [19683] instantiate ChmsIntegrationPlugin
INFO  [20110223 21:27:10] [19683] ArenaWSClient instantiated
INFO  [20110223 21:27:29] [19678] Fixin to create class for ChmsIntegrationPlugin
INFO  [20110223 21:27:29] [19678] instantiate ChmsIntegrationPlugin
INFO  [20110223 21:27:30] [19678] instantiate ChmsIntegrationPlugin
INFO  [20110223 21:27:30] [19678] ArenaWSClient instantiated
INFO  [20110223 21:27:44] [19677] Fixin to create class for ChmsIntegrationPlugin
INFO  [20110223 21:27:44] [19677] instantiate ChmsIntegrationPlugin
INFO  [20110223 21:27:44] [19677] instantiate ChmsIntegrationPlugin
INFO  [20110223 21:27:44] [19677] ArenaWSClient instantiated
INFO  [20110223 21:27:48] [19680] Fixin to create class for ChmsIntegrationPlugin
INFO  [20110223 21:27:48] [19680] instantiate ChmsIntegrationPlugin
INFO  [20110223 21:27:50] [19683] Fixin to create class for ChmsIntegrationPlugin
INFO  [20110223 21:27:50] [19683] instantiate ChmsIntegrationPlugin
INFO  [20110223 21:27:50] [19683] instantiate ChmsIntegrationPlugin
INFO  [20110223 21:27:50] [19683] ArenaWSClient instantiated
INFO  [20110223 21:31:27] [19681] Fixin to create class for ChmsIntegrationPlugin
INFO  [20110223 21:31:27] [19681] instantiate ChmsIntegrationPlugin
INFO  [20110223 21:31:38] [19683] Fixin to create class for ChmsIntegrationPlugin
INFO  [20110223 21:31:38] [19683] instantiate ChmsIntegrationPlugin
INFO  [20110223 21:52:45] [19680] instantiate ArenaIntegrationPlugin
INFO  [20110223 21:53:52] [19679] instantiate ArenaIntegrationPlugin
INFO  [20110224 15:15:50] [19678] instantiate ArenaIntegrationPlugin
INFO  [20110224 15:15:50] [19678] ArenaWSClient instantiated
INFO  [20110224 15:16:48] [19683] instantiate ArenaIntegrationPlugin
INFO  [20110224 15:23:06] [19684] instantiate ArenaIntegrationPlugin
INFO  [20110224 15:23:15] [19684] instantiate ArenaIntegrationPlugin
INFO  [20110224 15:24:22] [19683] instantiate ArenaIntegrationPlugin
INFO  [20110224 15:24:26] [19684] instantiate ArenaIntegrationPlugin
INFO  [20110224 15:26:28] [19680] instantiate ArenaIntegrationPlugin
INFO  [20110224 15:26:33] [19678] instantiate ArenaIntegrationPlugin
INFO  [20110224 15:31:13] [19679] instantiate ArenaIntegrationPlugin
INFO  [20110224 15:32:03] [19683] instantiate ArenaIntegrationPlugin
INFO  [20110224 15:32:09] [19681] instantiate ArenaIntegrationPlugin
INFO  [20110224 15:33:22] [19677] instantiate ArenaIntegrationPlugin
INFO  [20110224 15:33:26] [19678] instantiate ArenaIntegrationPlugin
INFO  [20110224 15:33:34] [19679] instantiate ArenaIntegrationPlugin
INFO  [20110224 15:33:34] [19679] ArenaWSClient instantiated
INFO  [20110224 15:34:34] [19683] instantiate ArenaIntegrationPlugin
INFO  [20110224 15:44:38] [19684] instantiate ArenaIntegrationPlugin
INFO  [20110224 15:44:42] [19679] instantiate ArenaIntegrationPlugin
INFO  [20110224 15:44:42] [19679] ArenaWSClient instantiated
INFO  [20110224 15:46:18] [19682] instantiate ArenaIntegrationPlugin
INFO  [20110224 15:46:20] [19683] instantiate ArenaIntegrationPlugin
INFO  [20110224 15:46:20] [19683] ArenaWSClient instantiated
INFO  [20110224 15:47:04] [19679] instantiate ArenaIntegrationPlugin
INFO  [20110224 15:47:07] [19677] instantiate ArenaIntegrationPlugin
INFO  [20110224 15:47:07] [19677] ArenaWSClient instantiated
INFO  [20110224 15:48:44] [19679] instantiate ArenaIntegrationPlugin
INFO  [20110224 15:48:44] [19679] ArenaWSClient instantiated
INFO  [20110224 15:48:50] [19682] instantiate ArenaIntegrationPlugin
INFO  [20110224 15:49:15] [19681] instantiate ArenaIntegrationPlugin
INFO  [20110224 15:49:15] [19681] ArenaWSClient instantiated
INFO  [20110224 15:52:10] [19683] instantiate ArenaIntegrationPlugin
INFO  [20110224 15:52:10] [19683] ArenaWSClient instantiated
INFO  [20110224 15:52:15] [19681] instantiate ArenaIntegrationPlugin
INFO  [20110224 15:52:18] [19682] instantiate ArenaIntegrationPlugin
INFO  [20110224 15:57:12] [19684] instantiate ArenaIntegrationPlugin
INFO  [20110224 15:57:18] [19681] instantiate ArenaIntegrationPlugin
INFO  [20110224 15:57:21] [19677] instantiate ArenaIntegrationPlugin
INFO  [20110224 15:57:21] [19677] ArenaWSClient instantiated
INFO  [20110224 15:57:23] [19678] instantiate ArenaIntegrationPlugin
INFO  [20110224 15:57:23] [19678] ArenaWSClient instantiated
INFO  [20110224 15:58:36] [19684] instantiate ArenaIntegrationPlugin
INFO  [20110224 15:58:39] [19681] instantiate ArenaIntegrationPlugin
INFO  [20110224 15:58:39] [19681] ArenaWSClient instantiated
INFO  [20110302 12:59:29] [4943] instantiate ArenaIntegrationPlugin
INFO  [20110311 13:57:23] [14925] instantiate ArenaIntegrationPlugin
INFO  [20110311 14:32:18] [14927] instantiate ArenaIntegrationPlugin
INFO  [20110311 17:57:37] [14932] instantiate ArenaIntegrationPlugin
INFO  [20110311 18:29:42] [14930] instantiate ArenaIntegrationPlugin
INFO  [20110311 18:29:48] [14931] instantiate ArenaIntegrationPlugin
INFO  [20110311 18:29:48] [14931] ArenaWSClient instantiated
INFO  [20110311 18:29:57] [14926] instantiate ArenaIntegrationPlugin
INFO  [20110311 18:30:12] [14930] instantiate ArenaIntegrationPlugin
INFO  [20110311 18:30:12] [14932] instantiate ArenaIntegrationPlugin
INFO  [20110311 18:30:12] [14932] ChmsIntegrationPlugin:authenticate
INFO  [20110311 18:30:18] [14932] instantiate ArenaIntegrationPlugin
INFO  [20110311 18:30:18] [14932] ChmsIntegrationPlugin:authenticate
INFO  [20110311 18:30:18] [14932] ArenaWSClient instantiated
INFO  [20110311 18:30:18] [14932] successful login for russellto, session is bca69c0c-00f3-4641-ba03-3f6127b12413
INFO  [20110311 18:30:18] [14927] instantiate ArenaIntegrationPlugin
INFO  [20110311 18:30:20] [14925] instantiate ArenaIntegrationPlugin
INFO  [20110311 18:30:20] [14929] instantiate ArenaIntegrationPlugin
INFO  [20110311 18:30:21] [14927] instantiate ArenaIntegrationPlugin
INFO  [20110311 18:30:21] [14931] instantiate ArenaIntegrationPlugin
INFO  [20110311 18:30:22] [14928] instantiate ArenaIntegrationPlugin
INFO  [20110311 18:30:24] [14926] instantiate ArenaIntegrationPlugin
INFO  [20110311 18:30:27] [14931] instantiate ArenaIntegrationPlugin
INFO  [20110311 18:30:27] [14928] instantiate ArenaIntegrationPlugin
INFO  [20110311 18:30:31] [14925] instantiate ArenaIntegrationPlugin
INFO  [20110311 18:30:35] [14927] instantiate ArenaIntegrationPlugin
INFO  [20110311 18:30:35] [14927] ArenaWSClient instantiated
INFO  [20110311 18:30:58] [14929] instantiate ArenaIntegrationPlugin
INFO  [20110311 18:30:58] [14929] ChmsIntegrationPlugin:authenticate
INFO  [20110311 18:31:06] [14928] instantiate ArenaIntegrationPlugin
INFO  [20110311 18:31:06] [14928] ChmsIntegrationPlugin:authenticate
INFO  [20110311 18:31:06] [14928] ArenaWSClient instantiated
INFO  [20110311 18:31:16] [14932] instantiate ArenaIntegrationPlugin
INFO  [20110311 18:31:16] [14932] ChmsIntegrationPlugin:authenticate
INFO  [20110311 18:31:34] [14930] instantiate ArenaIntegrationPlugin
INFO  [20110311 18:31:34] [14930] ChmsIntegrationPlugin:authenticate
INFO  [20110311 18:31:34] [14930] ArenaWSClient instantiated
INFO  [20110311 18:31:34] [14930] successful login for waynehe, session is c2443149-d20b-4123-804f-7c4893e958e0
INFO  [20110311 18:31:34] [14928] instantiate ArenaIntegrationPlugin
INFO  [20110311 18:31:38] [14927] instantiate ArenaIntegrationPlugin
INFO  [20110311 18:31:41] [14926] instantiate ArenaIntegrationPlugin
INFO  [20110311 18:31:43] [14929] instantiate ArenaIntegrationPlugin
INFO  [20110311 18:31:43] [14929] ArenaWSClient instantiated
INFO  [20110311 18:35:53] [14926] instantiate ArenaIntegrationPlugin
INFO  [20110311 18:35:55] [14930] instantiate ArenaIntegrationPlugin
INFO  [20110311 18:35:55] [14931] instantiate ArenaIntegrationPlugin
INFO  [20110311 18:35:56] [14932] instantiate ArenaIntegrationPlugin
INFO  [20110311 18:35:57] [14928] instantiate ArenaIntegrationPlugin
INFO  [20110311 18:36:02] [14928] instantiate ArenaIntegrationPlugin
INFO  [20110311 18:36:02] [14928] ArenaWSClient instantiated
INFO  [20110311 18:36:05] [14929] instantiate ArenaIntegrationPlugin
INFO  [20110311 18:41:56] [14928] instantiate ArenaIntegrationPlugin
INFO  [20110311 18:41:56] [14928] ArenaWSClient instantiated
INFO  [20110311 18:42:00] [14926] instantiate ArenaIntegrationPlugin
INFO  [20110311 18:42:00] [14926] ArenaWSClient instantiated
INFO  [20110311 18:42:07] [14931] instantiate ArenaIntegrationPlugin
INFO  [20110311 18:42:10] [14932] instantiate ArenaIntegrationPlugin
INFO  [20110311 18:42:12] [14931] instantiate ArenaIntegrationPlugin
INFO  [20110313 14:12:09] [22010] instantiate ArenaIntegrationPlugin
INFO  [20110313 14:15:32] [22010] instantiate ArenaIntegrationPlugin
INFO  [20110313 14:15:32] [22013] instantiate ArenaIntegrationPlugin
INFO  [20110313 14:15:32] [22013] ChmsIntegrationPlugin:authenticate
INFO  [20110315 17:34:18] [24074] instantiate ArenaIntegrationPlugin
INFO  [20110315 17:34:20] [24073] instantiate ArenaIntegrationPlugin
INFO  [20110315 17:34:20] [24073] ChmsIntegrationPlugin:authenticate
INFO  [20110315 17:34:27] [24073] instantiate ArenaIntegrationPlugin
INFO  [20110315 17:34:27] [24073] ChmsIntegrationPlugin:authenticate
INFO  [20110315 17:34:27] [24073] ArenaWSClient instantiated
INFO  [20110315 17:34:36] [24073] successful login for waynehe, session is fe2c835a-0bfb-45e1-89fd-120b8e6b884e
INFO  [20110315 17:34:40] [24077] instantiate ArenaIntegrationPlugin
INFO  [20110315 17:34:49] [24075] instantiate ArenaIntegrationPlugin
INFO  [20110315 17:34:49] [24075] ArenaWSClient instantiated
INFO  [20110315 17:35:04] [24075] instantiate ArenaIntegrationPlugin
INFO  [20110315 17:35:04] [24075] ArenaWSClient instantiated
INFO  [20110315 17:35:47] [24076] instantiate ArenaIntegrationPlugin
INFO  [20110315 17:35:48] [24073] instantiate ArenaIntegrationPlugin
INFO  [20110315 17:35:48] [24073] ChmsIntegrationPlugin:authenticate
INFO  [20110315 17:35:53] [24080] instantiate ArenaIntegrationPlugin
INFO  [20110315 17:35:53] [24080] ChmsIntegrationPlugin:authenticate
INFO  [20110315 17:35:53] [24080] ArenaWSClient instantiated
INFO  [20110315 17:35:56] [24075] instantiate ArenaIntegrationPlugin
INFO  [20110315 17:35:56] [24075] ChmsIntegrationPlugin:authenticate
INFO  [20110315 17:36:01] [24078] instantiate ArenaIntegrationPlugin
INFO  [20110315 17:36:01] [24078] ChmsIntegrationPlugin:authenticate
INFO  [20110315 17:36:01] [24078] ArenaWSClient instantiated
INFO  [20110315 17:36:05] [24077] instantiate ArenaIntegrationPlugin
INFO  [20110315 17:36:05] [24077] ChmsIntegrationPlugin:authenticate
INFO  [20110315 17:36:08] [24075] instantiate ArenaIntegrationPlugin
INFO  [20110315 17:36:08] [24075] ChmsIntegrationPlugin:authenticate
INFO  [20110315 17:36:08] [24075] ArenaWSClient instantiated
INFO  [20110315 17:36:08] [24075] successful login for russellto, session is ae9b37a6-893e-4b40-8a55-77b639a8f148
INFO  [20110315 17:36:08] [24077] instantiate ArenaIntegrationPlugin
INFO  [20110315 17:36:10] [24080] instantiate ArenaIntegrationPlugin
INFO  [20110315 17:36:10] [24636] instantiate ArenaIntegrationPlugin
INFO  [20110315 17:36:11] [24077] instantiate ArenaIntegrationPlugin
INFO  [20110315 17:36:11] [24075] instantiate ArenaIntegrationPlugin
INFO  [20110315 17:36:12] [24078] instantiate ArenaIntegrationPlugin
INFO  [20110315 17:36:12] [24079] instantiate ArenaIntegrationPlugin
INFO  [20110315 17:36:28] [24073] instantiate ArenaIntegrationPlugin
INFO  [20110315 17:36:32] [24636] instantiate ArenaIntegrationPlugin
INFO  [20110315 17:36:32] [24077] instantiate ArenaIntegrationPlugin
INFO  [20110315 17:36:40] [24074] instantiate ArenaIntegrationPlugin
INFO  [20110315 17:36:52] [24080] instantiate ArenaIntegrationPlugin
INFO  [20110315 17:36:52] [24073] instantiate ArenaIntegrationPlugin
INFO  [20110315 17:37:07] [24079] instantiate ArenaIntegrationPlugin
INFO  [20110315 17:37:10] [24076] instantiate ArenaIntegrationPlugin
INFO  [20110315 17:37:10] [24076] ArenaWSClient instantiated
INFO  [20110315 17:37:33] [24076] instantiate ArenaIntegrationPlugin
INFO  [20110315 17:37:33] [24073] instantiate ArenaIntegrationPlugin
INFO  [20110315 17:38:12] [24636] instantiate ArenaIntegrationPlugin
INFO  [20110315 17:38:14] [24077] instantiate ArenaIntegrationPlugin
INFO  [20110315 17:38:14] [24077] ArenaWSClient instantiated
INFO  [20110315 17:38:14] [24077] ArenaWSClient instantiated
INFO  [20110315 17:38:43] [24073] instantiate ArenaIntegrationPlugin
INFO  [20110315 17:38:43] [24073] ArenaWSClient instantiated
INFO  [20110315 17:38:43] [24073] ArenaWSClient instantiated
INFO  [20110315 17:39:48] [24074] instantiate ArenaIntegrationPlugin
INFO  [20110315 17:39:48] [24074] ArenaWSClient instantiated
INFO  [20110315 17:40:41] [24080] instantiate ArenaIntegrationPlugin
INFO  [20110315 17:40:44] [24074] instantiate ArenaIntegrationPlugin
INFO  [20110315 17:40:44] [24076] instantiate ArenaIntegrationPlugin
INFO  [20110315 17:40:51] [24073] instantiate ArenaIntegrationPlugin
INFO  [20110315 17:41:00] [24075] instantiate ArenaIntegrationPlugin
INFO  [20110315 17:41:00] [24075] ArenaWSClient instantiated
INFO  [20110315 17:41:09] [24080] instantiate ArenaIntegrationPlugin
INFO  [20110315 17:41:13] [24075] instantiate ArenaIntegrationPlugin
INFO  [20110315 17:41:18] [24076] instantiate ArenaIntegrationPlugin
INFO  [20110315 17:41:24] [24079] instantiate ArenaIntegrationPlugin
INFO  [20110315 17:41:24] [24073] instantiate ArenaIntegrationPlugin
INFO  [20110315 17:41:59] [24636] instantiate ArenaIntegrationPlugin
INFO  [20110315 17:42:03] [24080] instantiate ArenaIntegrationPlugin
INFO  [20110315 17:42:09] [24077] instantiate ArenaIntegrationPlugin
INFO  [20110315 17:42:09] [24076] instantiate ArenaIntegrationPlugin
INFO  [20110315 17:42:14] [24079] instantiate ArenaIntegrationPlugin
INFO  [20110315 17:42:15] [24073] instantiate ArenaIntegrationPlugin
INFO  [20110315 17:42:19] [24636] instantiate ArenaIntegrationPlugin
INFO  [20110315 17:42:19] [24080] instantiate ArenaIntegrationPlugin
INFO  [20110315 17:42:21] [24075] instantiate ArenaIntegrationPlugin
INFO  [20110315 17:42:21] [24075] ArenaWSClient instantiated
INFO  [20110315 17:46:47] [24073] instantiate ArenaIntegrationPlugin
INFO  [20110315 17:46:50] [24636] instantiate ArenaIntegrationPlugin
INFO  [20110315 17:46:51] [24073] instantiate ArenaIntegrationPlugin
INFO  [20110315 17:47:48] [24080] instantiate ArenaIntegrationPlugin
INFO  [20110315 17:47:50] [24636] instantiate ArenaIntegrationPlugin
INFO  [20110315 17:47:50] [24636] ArenaWSClient instantiated
INFO  [20110315 17:47:51] [24074] instantiate ArenaIntegrationPlugin
INFO  [20110315 17:48:51] [24073] instantiate ArenaIntegrationPlugin
INFO  [20110315 17:49:12] [24076] instantiate ArenaIntegrationPlugin
INFO  [20110315 17:49:12] [24076] ArenaWSClient instantiated
INFO  [20110315 17:49:51] [24077] instantiate ArenaIntegrationPlugin
INFO  [20110315 17:50:51] [24078] instantiate ArenaIntegrationPlugin
INFO  [20110315 17:51:51] [24075] instantiate ArenaIntegrationPlugin
INFO  [20110315 17:52:51] [24079] instantiate ArenaIntegrationPlugin
INFO  [20110315 17:53:51] [24074] instantiate ArenaIntegrationPlugin
INFO  [20110315 17:54:51] [24073] instantiate ArenaIntegrationPlugin
INFO  [20110315 17:55:51] [24076] instantiate ArenaIntegrationPlugin
INFO  [20110315 17:55:56] [24636] instantiate ArenaIntegrationPlugin
INFO  [20110315 17:55:57] [24636] ArenaWSClient instantiated
INFO  [20110315 17:56:51] [24080] instantiate ArenaIntegrationPlugin
INFO  [20110315 17:57:51] [24074] instantiate ArenaIntegrationPlugin
INFO  [20110315 18:10:18] [24075] instantiate ArenaIntegrationPlugin
INFO  [20110315 18:11:15] [24076] instantiate ArenaIntegrationPlugin
INFO  [20110315 18:12:15] [24078] instantiate ArenaIntegrationPlugin
INFO  [20110315 18:13:15] [24073] instantiate ArenaIntegrationPlugin
INFO  [20110315 19:43:24] [24073] instantiate ArenaIntegrationPlugin
INFO  [20110315 19:44:24] [24079] instantiate ArenaIntegrationPlugin
INFO  [20110315 19:45:24] [24636] instantiate ArenaIntegrationPlugin
INFO  [20110315 19:46:24] [24077] instantiate ArenaIntegrationPlugin
INFO  [20110315 19:47:24] [24080] instantiate ArenaIntegrationPlugin
INFO  [20110315 19:48:24] [24074] instantiate ArenaIntegrationPlugin
INFO  [20110315 19:49:24] [24075] instantiate ArenaIntegrationPlugin
INFO  [20110315 19:50:24] [24076] instantiate ArenaIntegrationPlugin
INFO  [20110315 19:51:24] [24078] instantiate ArenaIntegrationPlugin
INFO  [20110315 19:52:24] [24073] instantiate ArenaIntegrationPlugin
INFO  [20110315 19:53:24] [24079] instantiate ArenaIntegrationPlugin
INFO  [20110315 19:54:24] [24636] instantiate ArenaIntegrationPlugin
INFO  [20110315 19:55:17] [24077] instantiate ArenaIntegrationPlugin
INFO  [20110315 19:55:17] [24077] ArenaWSClient instantiated
INFO  [20110315 19:55:24] [24074] instantiate ArenaIntegrationPlugin
INFO  [20110315 19:56:24] [24073] instantiate ArenaIntegrationPlugin
INFO  [20110315 19:56:30] [24080] instantiate ArenaIntegrationPlugin
INFO  [20110315 19:56:32] [24079] instantiate ArenaIntegrationPlugin
INFO  [20110315 19:56:34] [24075] instantiate ArenaIntegrationPlugin
INFO  [20110315 19:56:34] [24075] ArenaWSClient instantiated
INFO  [20110315 19:57:24] [24073] instantiate ArenaIntegrationPlugin
INFO  [20110315 19:58:24] [24080] instantiate ArenaIntegrationPlugin
INFO  [20110315 19:59:24] [24074] instantiate ArenaIntegrationPlugin
INFO  [20110315 20:00:24] [24079] instantiate ArenaIntegrationPlugin
INFO  [20110315 20:01:04] [24077] instantiate ArenaIntegrationPlugin
INFO  [20110315 20:01:04] [24077] ArenaWSClient instantiated
INFO  [20110315 20:01:07] [24074] instantiate ArenaIntegrationPlugin
INFO  [20110315 20:01:10] [24077] instantiate ArenaIntegrationPlugin
INFO  [20110315 20:01:10] [24077] ArenaWSClient instantiated
INFO  [20110315 20:01:16] [24075] instantiate ArenaIntegrationPlugin
INFO  [20110315 20:01:24] [24076] instantiate ArenaIntegrationPlugin
INFO  [20110315 20:02:24] [24080] instantiate ArenaIntegrationPlugin
INFO  [20110315 20:02:35] [24073] instantiate ArenaIntegrationPlugin
INFO  [20110315 20:02:39] [24075] instantiate ArenaIntegrationPlugin
INFO  [20110315 20:03:24] [24078] instantiate ArenaIntegrationPlugin
INFO  [20110315 20:04:24] [24636] instantiate ArenaIntegrationPlugin
INFO  [20110315 20:05:24] [24074] instantiate ArenaIntegrationPlugin
INFO  [20110315 20:06:24] [24079] instantiate ArenaIntegrationPlugin
INFO  [20110315 20:06:35] [24077] instantiate ArenaIntegrationPlugin
INFO  [20110315 20:06:38] [24079] instantiate ArenaIntegrationPlugin
INFO  [20110315 20:06:38] [24076] instantiate ArenaIntegrationPlugin
INFO  [20110315 20:06:49] [24077] instantiate ArenaIntegrationPlugin
INFO  [20110315 20:06:49] [24080] instantiate ArenaIntegrationPlugin
INFO  [20110315 20:06:53] [24078] instantiate ArenaIntegrationPlugin
INFO  [20110315 20:06:53] [24075] instantiate ArenaIntegrationPlugin
INFO  [20110315 20:07:05] [24636] instantiate ArenaIntegrationPlugin
INFO  [20110315 20:07:06] [24077] instantiate ArenaIntegrationPlugin
INFO  [20110315 20:07:13] [24073] instantiate ArenaIntegrationPlugin
INFO  [20110315 20:07:14] [24076] instantiate ArenaIntegrationPlugin
INFO  [20110315 20:10:50] [24078] instantiate ArenaIntegrationPlugin
INFO  [20110315 20:11:02] [24075] instantiate ArenaIntegrationPlugin
INFO  [20110315 20:11:03] [24636] instantiate ArenaIntegrationPlugin
INFO  [20110315 20:11:05] [24077] instantiate ArenaIntegrationPlugin
INFO  [20110315 20:12:03] [24636] instantiate ArenaIntegrationPlugin
INFO  [20110315 20:13:03] [24075] instantiate ArenaIntegrationPlugin
INFO  [20110315 20:14:03] [24074] instantiate ArenaIntegrationPlugin
INFO  [20110315 20:15:03] [24076] instantiate ArenaIntegrationPlugin
INFO  [20110315 20:16:03] [24078] instantiate ArenaIntegrationPlugin
INFO  [20110315 20:17:03] [24080] instantiate ArenaIntegrationPlugin
INFO  [20110315 20:18:03] [24077] instantiate ArenaIntegrationPlugin
INFO  [20110315 20:19:03] [24073] instantiate ArenaIntegrationPlugin
INFO  [20110315 20:20:03] [24079] instantiate ArenaIntegrationPlugin
INFO  [20110315 20:20:22] [24636] instantiate ArenaIntegrationPlugin
INFO  [20110315 20:21:03] [24075] instantiate ArenaIntegrationPlugin
INFO  [20110315 20:21:16] [24074] instantiate ArenaIntegrationPlugin
INFO  [20110315 20:21:42] [24076] instantiate ArenaIntegrationPlugin
INFO  [20110315 20:21:45] [24075] instantiate ArenaIntegrationPlugin
INFO  [20110315 20:21:51] [24073] instantiate ArenaIntegrationPlugin
INFO  [20110315 20:21:58] [24076] instantiate ArenaIntegrationPlugin
INFO  [20110315 20:21:58] [24074] instantiate ArenaIntegrationPlugin
INFO  [20110315 20:22:06] [24078] instantiate ArenaIntegrationPlugin
INFO  [20110315 20:22:09] [24079] instantiate ArenaIntegrationPlugin
INFO  [20110315 20:22:09] [24077] instantiate ArenaIntegrationPlugin
INFO  [20110315 20:22:43] [24636] instantiate ArenaIntegrationPlugin
INFO  [20110315 20:22:45] [24075] instantiate ArenaIntegrationPlugin
INFO  [20110315 20:22:54] [24080] instantiate ArenaIntegrationPlugin
INFO  [20110315 20:22:54] [24073] instantiate ArenaIntegrationPlugin
INFO  [20110315 20:22:58] [24076] instantiate ArenaIntegrationPlugin
INFO  [20110315 20:23:02] [24074] instantiate ArenaIntegrationPlugin
INFO  [20110315 20:23:08] [24079] instantiate ArenaIntegrationPlugin
INFO  [20110315 20:23:09] [24079] ArenaWSClient instantiated
INFO  [20110315 20:23:43] [24078] instantiate ArenaIntegrationPlugin
INFO  [20110315 20:24:17] [24077] instantiate ArenaIntegrationPlugin
INFO  [20110315 20:24:17] [24077] ArenaWSClient instantiated
INFO  [20110315 20:24:33] [24074] instantiate ArenaIntegrationPlugin
INFO  [20110315 20:24:33] [24074] ArenaWSClient instantiated
INFO  [20110315 20:24:43] [24073] instantiate ArenaIntegrationPlugin
INFO  [20110315 20:25:43] [24076] instantiate ArenaIntegrationPlugin
INFO  [20110315 20:25:49] [24074] instantiate ArenaIntegrationPlugin
INFO  [20110315 20:25:49] [24074] ArenaWSClient instantiated
INFO  [20110315 20:26:43] [24073] instantiate ArenaIntegrationPlugin
INFO  [20110315 20:26:50] [24076] instantiate ArenaIntegrationPlugin
INFO  [20110315 20:26:50] [24076] ArenaWSClient instantiated
INFO  [20110315 20:27:03] [24073] instantiate ArenaIntegrationPlugin
INFO  [20110315 20:27:03] [24073] ArenaWSClient instantiated
INFO  [20110315 20:27:43] [24636] instantiate ArenaIntegrationPlugin
INFO  [20110315 20:28:15] [24077] instantiate ArenaIntegrationPlugin
INFO  [20110315 20:28:43] [24074] instantiate ArenaIntegrationPlugin
INFO  [20110315 20:29:15] [24636] instantiate ArenaIntegrationPlugin
INFO  [20110315 20:29:15] [24636] ArenaWSClient instantiated
INFO  [20110315 20:29:43] [24079] instantiate ArenaIntegrationPlugin
INFO  [20110315 20:30:43] [24074] instantiate ArenaIntegrationPlugin
INFO  [20110315 20:30:54] [24636] instantiate ArenaIntegrationPlugin
INFO  [20110315 20:30:54] [24636] ArenaWSClient instantiated
INFO  [20110315 20:31:43] [24079] instantiate ArenaIntegrationPlugin
INFO  [20110315 20:32:43] [24074] instantiate ArenaIntegrationPlugin
INFO  [20110315 20:33:31] [24080] instantiate ArenaIntegrationPlugin
INFO  [20110315 20:33:31] [24080] ArenaWSClient instantiated
INFO  [20110315 20:33:43] [24079] instantiate ArenaIntegrationPlugin
INFO  [20110315 20:34:19] [24074] instantiate ArenaIntegrationPlugin
INFO  [20110315 20:34:19] [24636] instantiate ArenaIntegrationPlugin
INFO  [20110315 20:34:20] [24076] instantiate ArenaIntegrationPlugin
INFO  [20110315 20:34:23] [24636] instantiate ArenaIntegrationPlugin
INFO  [20110315 20:34:23] [24636] ArenaWSClient instantiated
INFO  [20110315 20:34:40] [24073] instantiate ArenaIntegrationPlugin
INFO  [20110315 20:34:40] [24073] ArenaWSClient instantiated
INFO  [20110315 20:34:43] [24078] instantiate ArenaIntegrationPlugin
INFO  [20110315 20:34:47] [24080] instantiate ArenaIntegrationPlugin
INFO  [20110315 20:34:47] [24080] ArenaWSClient instantiated
INFO  [20110315 20:35:20] [24077] instantiate ArenaIntegrationPlugin
INFO  [20110315 20:36:14] [24078] instantiate ArenaIntegrationPlugin
INFO  [20110315 20:36:14] [24078] ArenaWSClient instantiated
INFO  [20110315 20:36:20] [24636] instantiate ArenaIntegrationPlugin
INFO  [20110315 20:37:20] [24077] instantiate ArenaIntegrationPlugin
INFO  [20110315 20:38:20] [24080] instantiate ArenaIntegrationPlugin
INFO  [20110315 20:39:20] [24078] instantiate ArenaIntegrationPlugin
INFO  [20110315 20:40:20] [24073] instantiate ArenaIntegrationPlugin
INFO  [20110315 20:40:56] [24074] instantiate ArenaIntegrationPlugin
INFO  [20110315 20:41:00] [24079] instantiate ArenaIntegrationPlugin
INFO  [20110315 20:41:00] [24079] ChmsIntegrationPlugin:authenticate
INFO  [20110315 20:41:04] [24074] instantiate ArenaIntegrationPlugin
INFO  [20110315 20:41:04] [24074] ChmsIntegrationPlugin:authenticate
INFO  [20110315 20:41:04] [24074] ArenaWSClient instantiated
INFO  [20110315 20:41:05] [24076] instantiate ArenaIntegrationPlugin
INFO  [20110315 20:41:06] [24078] instantiate ArenaIntegrationPlugin
INFO  [20110315 20:41:06] [24075] instantiate ArenaIntegrationPlugin
INFO  [20110315 20:41:07] [24077] instantiate ArenaIntegrationPlugin
INFO  [20110315 20:41:15] [24080] instantiate ArenaIntegrationPlugin
INFO  [20110315 20:41:15] [24080] ArenaWSClient instantiated
INFO  [20110315 20:41:15] [24075] instantiate ArenaIntegrationPlugin
INFO  [20110315 20:41:15] [24075] ChmsIntegrationPlugin:authenticate
INFO  [20110315 20:41:20] [24077] instantiate ArenaIntegrationPlugin
INFO  [20110315 20:41:20] [24080] instantiate ArenaIntegrationPlugin
INFO  [20110315 20:41:20] [24080] ChmsIntegrationPlugin:authenticate
INFO  [20110315 20:41:20] [24080] ArenaWSClient instantiated
INFO  [20110315 20:41:20] [24080] successful login for waynehe, session is dd915552-7211-4001-82a5-7dff283764fc
INFO  [20110315 20:41:21] [24079] instantiate ArenaIntegrationPlugin
INFO  [20110315 20:41:38] [25167] instantiate ArenaIntegrationPlugin
INFO  [20110315 20:41:38] [25167] ArenaWSClient instantiated
INFO  [20110315 20:42:07] [24077] instantiate ArenaIntegrationPlugin
INFO  [20110315 20:42:09] [24074] instantiate ArenaIntegrationPlugin
INFO  [20110315 20:42:16] [24078] instantiate ArenaIntegrationPlugin
INFO  [20110315 20:42:16] [24636] instantiate ArenaIntegrationPlugin
INFO  [20110315 20:42:20] [24073] instantiate ArenaIntegrationPlugin
INFO  [20110315 20:42:21] [24076] instantiate ArenaIntegrationPlugin
INFO  [20110315 20:42:21] [24075] instantiate ArenaIntegrationPlugin
INFO  [20110315 20:42:22] [24077] instantiate ArenaIntegrationPlugin
INFO  [20110315 20:42:23] [24636] instantiate ArenaIntegrationPlugin
INFO  [20110315 20:42:26] [24080] instantiate ArenaIntegrationPlugin
INFO  [20110315 20:42:28] [25167] instantiate ArenaIntegrationPlugin
INFO  [20110315 20:42:29] [24073] instantiate ArenaIntegrationPlugin
INFO  [20110315 20:42:50] [24077] instantiate ArenaIntegrationPlugin
INFO  [20110315 20:42:51] [24075] instantiate ArenaIntegrationPlugin
INFO  [20110315 20:42:51] [24077] instantiate ArenaIntegrationPlugin
INFO  [20110315 20:42:52] [24636] instantiate ArenaIntegrationPlugin
INFO  [20110315 20:42:53] [24080] instantiate ArenaIntegrationPlugin
INFO  [20110315 20:42:54] [25167] instantiate ArenaIntegrationPlugin
INFO  [20110315 20:42:58] [25182] instantiate ArenaIntegrationPlugin
INFO  [20110315 20:43:00] [24075] instantiate ArenaIntegrationPlugin
INFO  [20110315 20:43:28] [24076] instantiate ArenaIntegrationPlugin
INFO  [20110315 20:44:00] [24074] instantiate ArenaIntegrationPlugin
INFO  [20110315 20:44:01] [24073] instantiate ArenaIntegrationPlugin
INFO  [20110315 20:44:22] [24080] instantiate ArenaIntegrationPlugin
INFO  [20110315 20:44:22] [24077] instantiate ArenaIntegrationPlugin
INFO  [20110315 20:44:34] [24079] instantiate ArenaIntegrationPlugin
INFO  [20110315 20:44:34] [25182] instantiate ArenaIntegrationPlugin
INFO  [20110315 20:45:15] [24075] instantiate ArenaIntegrationPlugin
INFO  [20110315 20:45:15] [24636] instantiate ArenaIntegrationPlugin
INFO  [20110315 20:45:33] [25167] instantiate ArenaIntegrationPlugin
INFO  [20110315 20:45:38] [24076] instantiate ArenaIntegrationPlugin
INFO  [20110315 20:47:12] [24074] instantiate ArenaIntegrationPlugin
INFO  [20110315 20:47:18] [24073] instantiate ArenaIntegrationPlugin
INFO  [20110315 20:47:18] [24080] instantiate ArenaIntegrationPlugin
INFO  [20110315 20:47:18] [24080] ArenaWSClient instantiated
INFO  [20110315 20:47:22] [24079] instantiate ArenaIntegrationPlugin
INFO  [20110315 20:47:22] [24079] ArenaWSClient instantiated
INFO  [20110315 20:47:25] [24078] instantiate ArenaIntegrationPlugin
INFO  [20110315 20:47:25] [25167] instantiate ArenaIntegrationPlugin
INFO  [20110315 20:47:25] [25167] ArenaWSClient instantiated
INFO  [20110315 20:47:28] [24073] instantiate ArenaIntegrationPlugin
INFO  [20110315 20:47:31] [24080] instantiate ArenaIntegrationPlugin
INFO  [20110315 20:47:31] [24080] ArenaWSClient instantiated
INFO  [20110315 20:47:46] [25167] instantiate ArenaIntegrationPlugin
INFO  [20110315 20:47:46] [24636] instantiate ArenaIntegrationPlugin
INFO  [20110315 20:47:46] [25167] ArenaWSClient instantiated
INFO  [20110315 20:47:48] [24078] instantiate ArenaIntegrationPlugin
INFO  [20110315 20:47:48] [24078] ArenaWSClient instantiated
INFO  [20110315 20:47:49] [25167] instantiate ArenaIntegrationPlugin
INFO  [20110315 20:47:49] [25167] ArenaWSClient instantiated
INFO  [20110315 20:47:52] [24080] instantiate ArenaIntegrationPlugin
INFO  [20110315 20:47:52] [24080] ArenaWSClient instantiated
INFO  [20110315 20:47:53] [24075] instantiate ArenaIntegrationPlugin
INFO  [20110315 20:47:53] [24075] ArenaWSClient instantiated
INFO  [20110315 20:47:54] [24078] instantiate ArenaIntegrationPlugin
INFO  [20110315 20:47:54] [24078] ArenaWSClient instantiated
INFO  [20110315 20:47:56] [24073] instantiate ArenaIntegrationPlugin
INFO  [20110315 20:47:56] [24073] ArenaWSClient instantiated
INFO  [20110315 20:48:02] [24076] instantiate ArenaIntegrationPlugin
INFO  [20110315 20:48:04] [24079] instantiate ArenaIntegrationPlugin
INFO  [20110315 20:48:05] [24077] instantiate ArenaIntegrationPlugin
INFO  [20110315 20:48:21] [24636] instantiate ArenaIntegrationPlugin
INFO  [20110315 20:48:21] [24075] instantiate ArenaIntegrationPlugin
INFO  [20110315 20:48:23] [24636] instantiate ArenaIntegrationPlugin
INFO  [20110315 20:48:26] [24636] instantiate ArenaIntegrationPlugin
INFO  [20110315 20:48:27] [24636] ArenaWSClient instantiated
INFO  [20110315 20:49:05] [24077] instantiate ArenaIntegrationPlugin
INFO  [20110315 20:49:22] [25182] instantiate ArenaIntegrationPlugin
INFO  [20110315 20:49:31] [24080] instantiate ArenaIntegrationPlugin
INFO  [20110315 20:49:33] [24078] instantiate ArenaIntegrationPlugin
INFO  [20110315 20:49:37] [25167] instantiate ArenaIntegrationPlugin
INFO  [20110315 20:49:37] [24073] instantiate ArenaIntegrationPlugin
INFO  [20110315 20:49:39] [25182] instantiate ArenaIntegrationPlugin
INFO  [20110315 20:49:40] [24073] instantiate ArenaIntegrationPlugin
INFO  [20110315 20:49:40] [24073] ArenaWSClient instantiated
INFO  [20110315 20:49:48] [24080] instantiate ArenaIntegrationPlugin
INFO  [20110315 20:49:48] [24080] ArenaWSClient instantiated
INFO  [20110315 20:49:57] [25167] instantiate ArenaIntegrationPlugin
INFO  [20110315 20:49:57] [25182] instantiate ArenaIntegrationPlugin
INFO  [20110315 20:50:22] [24080] instantiate ArenaIntegrationPlugin
INFO  [20110315 20:50:35] [24075] instantiate ArenaIntegrationPlugin
INFO  [20110315 20:50:35] [24075] ArenaWSClient instantiated
INFO  [20110315 20:50:38] [24075] instantiate ArenaIntegrationPlugin
INFO  [20110315 20:50:59] [24636] instantiate ArenaIntegrationPlugin
INFO  [20110315 20:51:00] [24074] instantiate ArenaIntegrationPlugin
INFO  [20110315 20:51:02] [25217] instantiate ArenaIntegrationPlugin
INFO  [20110315 20:51:03] [24073] instantiate ArenaIntegrationPlugin
INFO  [20110315 20:51:03] [24080] instantiate ArenaIntegrationPlugin
INFO  [20110315 20:51:06] [24075] instantiate ArenaIntegrationPlugin
INFO  [20110315 20:51:06] [24075] ArenaWSClient instantiated
INFO  [20110315 20:51:38] [24074] instantiate ArenaIntegrationPlugin
INFO  [20110315 20:51:38] [24079] instantiate ArenaIntegrationPlugin
INFO  [20110315 20:51:39] [25217] instantiate ArenaIntegrationPlugin
INFO  [20110315 20:51:40] [24077] instantiate ArenaIntegrationPlugin
INFO  [20110315 20:51:40] [25182] instantiate ArenaIntegrationPlugin
INFO  [20110315 20:51:42] [24636] instantiate ArenaIntegrationPlugin
INFO  [20110315 20:51:47] [24073] instantiate ArenaIntegrationPlugin
INFO  [20110315 20:51:48] [24080] instantiate ArenaIntegrationPlugin
INFO  [20110315 20:51:49] [24075] instantiate ArenaIntegrationPlugin
INFO  [20110315 20:51:53] [24078] instantiate ArenaIntegrationPlugin
INFO  [20110315 20:51:53] [24078] ArenaWSClient instantiated
INFO  [20110315 20:51:54] [24074] instantiate ArenaIntegrationPlugin
INFO  [20110315 20:51:54] [24074] ArenaWSClient instantiated
INFO  [20110315 20:51:57] [24076] instantiate ArenaIntegrationPlugin
INFO  [20110315 20:51:57] [24076] ArenaWSClient instantiated
INFO  [20110315 20:52:09] [24080] instantiate ArenaIntegrationPlugin
INFO  [20110315 20:52:09] [24080] ArenaWSClient instantiated
INFO  [20110315 20:52:12] [25167] instantiate ArenaIntegrationPlugin
INFO  [20110315 20:52:13] [24077] instantiate ArenaIntegrationPlugin
INFO  [20110315 20:52:13] [24077] ArenaWSClient instantiated
INFO  [20110315 20:52:13] [25182] instantiate ArenaIntegrationPlugin
INFO  [20110315 20:52:20] [24078] instantiate ArenaIntegrationPlugin
INFO  [20110315 20:52:20] [24080] instantiate ArenaIntegrationPlugin
INFO  [20110315 20:53:13] [24077] instantiate ArenaIntegrationPlugin
INFO  [20110315 20:54:13] [24078] instantiate ArenaIntegrationPlugin
INFO  [20110315 20:55:13] [24073] instantiate ArenaIntegrationPlugin
INFO  [20110315 20:56:13] [25182] instantiate ArenaIntegrationPlugin
INFO  [20110315 20:57:13] [25217] instantiate ArenaIntegrationPlugin
INFO  [20110315 20:58:13] [24074] instantiate ArenaIntegrationPlugin
INFO  [20110315 20:59:13] [24075] instantiate ArenaIntegrationPlugin
INFO  [20110315 21:00:13] [24080] instantiate ArenaIntegrationPlugin
INFO  [20110315 21:01:13] [25167] instantiate ArenaIntegrationPlugin
INFO  [20110315 21:02:13] [24636] instantiate ArenaIntegrationPlugin
INFO  [20110315 21:03:13] [24076] instantiate ArenaIntegrationPlugin
INFO  [20110315 21:04:13] [24079] instantiate ArenaIntegrationPlugin
INFO  [20110315 21:05:13] [24077] instantiate ArenaIntegrationPlugin
INFO  [20110315 21:06:13] [24078] instantiate ArenaIntegrationPlugin
INFO  [20110315 21:07:13] [24073] instantiate ArenaIntegrationPlugin
INFO  [20110316 12:35:55] [25182] instantiate ArenaIntegrationPlugin
INFO  [20110316 12:35:57] [24076] instantiate ArenaIntegrationPlugin
INFO  [20110316 12:36:57] [25217] instantiate ArenaIntegrationPlugin
INFO  [20110316 12:38:37] [25167] instantiate ArenaIntegrationPlugin
INFO  [20110316 12:38:38] [24080] instantiate ArenaIntegrationPlugin
INFO  [20110316 12:38:41] [24074] instantiate ArenaIntegrationPlugin
INFO  [20110316 12:38:41] [24073] instantiate ArenaIntegrationPlugin
INFO  [20110316 12:38:41] [24078] instantiate ArenaIntegrationPlugin
INFO  [20110316 12:38:45] [25167] instantiate ArenaIntegrationPlugin
INFO  [20110316 12:38:45] [25167] ArenaWSClient instantiated
INFO  [20110316 12:39:41] [24075] instantiate ArenaIntegrationPlugin
INFO  [20110316 12:40:23] [24636] instantiate ArenaIntegrationPlugin
INFO  [20110316 12:40:23] [24636] ArenaWSClient instantiated
INFO  [20110316 12:40:41] [24079] instantiate ArenaIntegrationPlugin
INFO  [20110316 12:41:11] [25182] instantiate ArenaIntegrationPlugin
INFO  [20110316 12:41:11] [25182] ArenaWSClient instantiated
INFO  [20110316 12:41:41] [24636] instantiate ArenaIntegrationPlugin
INFO  [20110316 12:42:41] [25182] instantiate ArenaIntegrationPlugin
INFO  [20110316 12:43:16] [24077] instantiate ArenaIntegrationPlugin
INFO  [20110316 12:43:16] [24077] ArenaWSClient instantiated
INFO  [20110316 12:43:41] [24080] instantiate ArenaIntegrationPlugin
INFO  [20110316 12:44:08] [24078] instantiate ArenaIntegrationPlugin
INFO  [20110316 12:44:08] [24078] ArenaWSClient instantiated
INFO  [20110316 12:44:41] [24079] instantiate ArenaIntegrationPlugin
INFO  [20110316 12:45:41] [24078] instantiate ArenaIntegrationPlugin
INFO  [20110316 12:45:44] [24636] instantiate ArenaIntegrationPlugin
INFO  [20110316 12:45:44] [24636] ArenaWSClient instantiated
INFO  [20110316 12:46:06] [25217] instantiate ArenaIntegrationPlugin
INFO  [20110316 12:46:06] [25217] ArenaWSClient instantiated
INFO  [20110316 12:46:41] [25182] instantiate ArenaIntegrationPlugin
INFO  [20110316 12:46:52] [25167] instantiate ArenaIntegrationPlugin
INFO  [20110316 12:46:57] [25217] instantiate ArenaIntegrationPlugin
INFO  [20110316 12:46:59] [24073] instantiate ArenaIntegrationPlugin
INFO  [20110316 12:46:59] [24076] instantiate ArenaIntegrationPlugin
INFO  [20110316 12:47:00] [24080] instantiate ArenaIntegrationPlugin
INFO  [20110316 12:47:03] [24076] instantiate ArenaIntegrationPlugin
INFO  [20110316 12:47:03] [24076] ArenaWSClient instantiated
INFO  [20110316 12:47:33] [24079] instantiate ArenaIntegrationPlugin
INFO  [20110316 12:47:35] [24073] instantiate ArenaIntegrationPlugin
INFO  [20110316 12:47:36] [24076] instantiate ArenaIntegrationPlugin
INFO  [20110316 12:47:36] [24636] instantiate ArenaIntegrationPlugin
INFO  [20110316 12:47:44] [24073] instantiate ArenaIntegrationPlugin
INFO  [20110316 12:47:44] [24073] ArenaWSClient instantiated
INFO  [20110316 12:48:36] [25217] instantiate ArenaIntegrationPlugin
INFO  [20110316 12:49:36] [24075] instantiate ArenaIntegrationPlugin
INFO  [20110316 12:49:36] [24077] instantiate ArenaIntegrationPlugin
INFO  [20110316 12:49:39] [24074] instantiate ArenaIntegrationPlugin
INFO  [20110316 12:49:39] [24080] instantiate ArenaIntegrationPlugin
INFO  [20110316 12:49:39] [24073] instantiate ArenaIntegrationPlugin
INFO  [20110316 12:49:41] [24074] instantiate ArenaIntegrationPlugin
INFO  [20110316 12:49:41] [24074] ArenaWSClient instantiated
INFO  [20110316 12:50:39] [24073] instantiate ArenaIntegrationPlugin
INFO  [20110316 12:51:39] [25167] instantiate ArenaIntegrationPlugin
INFO  [20110316 12:52:39] [24079] instantiate ArenaIntegrationPlugin
INFO  [20110316 12:53:39] [25182] instantiate ArenaIntegrationPlugin
INFO  [20110316 12:54:39] [24078] instantiate ArenaIntegrationPlugin
INFO  [20110316 12:54:52] [24080] instantiate ArenaIntegrationPlugin
INFO  [20110316 12:54:55] [24076] instantiate ArenaIntegrationPlugin
INFO  [20110316 12:55:39] [24077] instantiate ArenaIntegrationPlugin
INFO  [20110316 12:56:39] [24074] instantiate ArenaIntegrationPlugin
INFO  [20110316 12:57:39] [24075] instantiate ArenaIntegrationPlugin
INFO  [20110316 12:58:39] [24073] instantiate ArenaIntegrationPlugin
INFO  [20110316 12:59:39] [24079] instantiate ArenaIntegrationPlugin
INFO  [20110316 13:00:39] [24636] instantiate ArenaIntegrationPlugin
INFO  [20110316 13:01:39] [25182] instantiate ArenaIntegrationPlugin
INFO  [20110316 13:02:39] [24078] instantiate ArenaIntegrationPlugin
INFO  [20110316 13:03:39] [25167] instantiate ArenaIntegrationPlugin
INFO  [20110316 13:03:41] [24080] instantiate ArenaIntegrationPlugin
INFO  [20110316 13:03:41] [25217] instantiate ArenaIntegrationPlugin
INFO  [20110316 13:04:39] [24076] instantiate ArenaIntegrationPlugin
INFO  [20110316 13:04:49] [24077] instantiate ArenaIntegrationPlugin
INFO  [20110316 13:04:59] [24074] instantiate ArenaIntegrationPlugin
INFO  [20110316 13:05:01] [24075] instantiate ArenaIntegrationPlugin
INFO  [20110316 13:05:02] [24073] instantiate ArenaIntegrationPlugin
INFO  [20110316 13:05:02] [25167] instantiate ArenaIntegrationPlugin
INFO  [20110316 13:05:07] [24077] instantiate ArenaIntegrationPlugin
INFO  [20110316 13:05:07] [24077] ArenaWSClient instantiated
INFO  [20110316 13:05:34] [24636] instantiate ArenaIntegrationPlugin
INFO  [20110316 13:05:34] [24636] ArenaWSClient instantiated
INFO  [20110316 13:06:02] [24075] instantiate ArenaIntegrationPlugin
INFO  [20110316 13:07:02] [24077] instantiate ArenaIntegrationPlugin
INFO  [20110316 13:08:02] [24636] instantiate ArenaIntegrationPlugin
INFO  [20110316 13:09:02] [24078] instantiate ArenaIntegrationPlugin
INFO  [20110316 13:10:02] [24079] instantiate ArenaIntegrationPlugin
INFO  [20110316 13:11:02] [25217] instantiate ArenaIntegrationPlugin
INFO  [20110316 13:11:57] [24076] instantiate ArenaIntegrationPlugin
INFO  [20110316 13:11:57] [24076] ArenaWSClient instantiated
INFO  [20110316 13:11:57] [24076] ArenaWSClient instantiated
INFO  [20110316 13:12:02] [24073] instantiate ArenaIntegrationPlugin
INFO  [20110316 13:12:17] [24077] instantiate ArenaIntegrationPlugin
INFO  [20110316 13:12:17] [24077] ArenaWSClient instantiated
INFO  [20110316 13:12:17] [24077] ArenaWSClient instantiated
INFO  [20110316 13:13:02] [24080] instantiate ArenaIntegrationPlugin
INFO  [20110316 13:14:02] [24078] instantiate ArenaIntegrationPlugin
INFO  [20110316 13:15:02] [24074] instantiate ArenaIntegrationPlugin
INFO  [20110316 13:16:02] [24075] instantiate ArenaIntegrationPlugin
INFO  [20110316 13:17:02] [25182] instantiate ArenaIntegrationPlugin
INFO  [20110316 13:18:02] [24636] instantiate ArenaIntegrationPlugin
INFO  [20110316 13:18:54] [24079] instantiate ArenaIntegrationPlugin
INFO  [20110316 13:18:54] [24079] ArenaWSClient instantiated
INFO  [20110316 13:18:54] [24079] ArenaWSClient instantiated
INFO  [20110316 13:19:02] [24077] instantiate ArenaIntegrationPlugin
INFO  [20110316 13:20:02] [24073] instantiate ArenaIntegrationPlugin
INFO  [20110316 13:21:02] [24076] instantiate ArenaIntegrationPlugin
INFO  [20110316 13:22:02] [24080] instantiate ArenaIntegrationPlugin
INFO  [20110316 13:23:02] [25217] instantiate ArenaIntegrationPlugin
INFO  [20110316 13:24:02] [24074] instantiate ArenaIntegrationPlugin
INFO  [20110316 13:25:02] [25182] instantiate ArenaIntegrationPlugin
INFO  [20110316 13:26:02] [24636] instantiate ArenaIntegrationPlugin
INFO  [20110316 13:26:43] [24075] instantiate ArenaIntegrationPlugin
INFO  [20110316 13:26:44] [24078] instantiate ArenaIntegrationPlugin
INFO  [20110316 13:26:54] [24079] instantiate ArenaIntegrationPlugin
INFO  [20110316 13:27:11] [24077] instantiate ArenaIntegrationPlugin
INFO  [20110316 13:27:17] [24076] instantiate ArenaIntegrationPlugin
INFO  [20110316 13:27:18] [25217] instantiate ArenaIntegrationPlugin
INFO  [20110316 13:27:19] [24074] instantiate ArenaIntegrationPlugin
INFO  [20110316 13:27:22] [24636] instantiate ArenaIntegrationPlugin
INFO  [20110316 13:27:24] [24075] instantiate ArenaIntegrationPlugin
INFO  [20110316 13:28:19] [24078] instantiate ArenaIntegrationPlugin
INFO  [20110316 13:29:19] [25167] instantiate ArenaIntegrationPlugin
INFO  [20110316 13:29:36] [24079] instantiate ArenaIntegrationPlugin
INFO  [20110316 13:30:19] [24073] instantiate ArenaIntegrationPlugin
INFO  [20110316 13:30:28] [24076] instantiate ArenaIntegrationPlugin
INFO  [20110316 13:30:29] [24074] instantiate ArenaIntegrationPlugin
INFO  [20110316 13:31:29] [25167] instantiate ArenaIntegrationPlugin
INFO  [20110316 13:32:25] [24076] instantiate ArenaIntegrationPlugin
INFO  [20110316 13:32:28] [24073] instantiate ArenaIntegrationPlugin
INFO  [20110316 13:32:28] [24080] instantiate ArenaIntegrationPlugin
INFO  [20110316 13:32:29] [24078] instantiate ArenaIntegrationPlugin
INFO  [20110316 13:32:33] [24076] instantiate ArenaIntegrationPlugin
INFO  [20110316 13:32:33] [24076] ArenaWSClient instantiated
INFO  [20110316 13:32:33] [24076] ArenaWSClient instantiated
INFO  [20110316 13:33:10] [24636] instantiate ArenaIntegrationPlugin
INFO  [20110316 13:33:11] [25167] instantiate ArenaIntegrationPlugin
INFO  [20110316 13:34:11] [24074] instantiate ArenaIntegrationPlugin
INFO  [20110316 13:35:11] [25182] instantiate ArenaIntegrationPlugin
INFO  [20110316 13:36:11] [24078] instantiate ArenaIntegrationPlugin
INFO  [20110316 13:37:11] [24080] instantiate ArenaIntegrationPlugin
INFO  [20110316 13:38:11] [24077] instantiate ArenaIntegrationPlugin
INFO  [20110316 13:39:11] [24079] instantiate ArenaIntegrationPlugin
INFO  [20110316 13:40:11] [25217] instantiate ArenaIntegrationPlugin
INFO  [20110316 13:41:11] [24073] instantiate ArenaIntegrationPlugin
INFO  [20110316 13:42:11] [24076] instantiate ArenaIntegrationPlugin
INFO  [20110316 13:43:11] [24636] instantiate ArenaIntegrationPlugin
INFO  [20110316 13:44:11] [25167] instantiate ArenaIntegrationPlugin
INFO  [20110316 13:45:11] [24075] instantiate ArenaIntegrationPlugin
INFO  [20110316 13:46:11] [24074] instantiate ArenaIntegrationPlugin
INFO  [20110316 13:47:11] [25182] instantiate ArenaIntegrationPlugin
INFO  [20110316 13:48:11] [24078] instantiate ArenaIntegrationPlugin
INFO  [20110316 13:49:11] [24080] instantiate ArenaIntegrationPlugin
INFO  [20110316 13:50:11] [24077] instantiate ArenaIntegrationPlugin
INFO  [20110316 13:51:11] [24079] instantiate ArenaIntegrationPlugin
INFO  [20110316 13:52:11] [25217] instantiate ArenaIntegrationPlugin
INFO  [20110316 13:53:11] [24073] instantiate ArenaIntegrationPlugin
INFO  [20110316 13:54:11] [24076] instantiate ArenaIntegrationPlugin
INFO  [20110316 13:55:11] [24636] instantiate ArenaIntegrationPlugin
INFO  [20110316 13:56:11] [25167] instantiate ArenaIntegrationPlugin
INFO  [20110316 13:57:11] [24075] instantiate ArenaIntegrationPlugin
INFO  [20110316 13:58:11] [24074] instantiate ArenaIntegrationPlugin
INFO  [20110316 13:59:11] [25182] instantiate ArenaIntegrationPlugin
INFO  [20110316 14:00:11] [24078] instantiate ArenaIntegrationPlugin
INFO  [20110316 14:01:11] [24080] instantiate ArenaIntegrationPlugin
INFO  [20110316 14:02:11] [24077] instantiate ArenaIntegrationPlugin
INFO  [20110316 14:03:11] [24079] instantiate ArenaIntegrationPlugin
INFO  [20110316 14:04:11] [25217] instantiate ArenaIntegrationPlugin
INFO  [20110316 14:05:11] [24073] instantiate ArenaIntegrationPlugin
INFO  [20110316 14:06:11] [24076] instantiate ArenaIntegrationPlugin
INFO  [20110316 14:07:11] [24636] instantiate ArenaIntegrationPlugin
INFO  [20110316 14:08:11] [25167] instantiate ArenaIntegrationPlugin
INFO  [20110316 14:09:11] [24075] instantiate ArenaIntegrationPlugin
INFO  [20110316 14:10:11] [24074] instantiate ArenaIntegrationPlugin
INFO  [20110316 14:11:11] [25182] instantiate ArenaIntegrationPlugin
INFO  [20110316 14:12:11] [24078] instantiate ArenaIntegrationPlugin
INFO  [20110316 14:13:11] [24080] instantiate ArenaIntegrationPlugin
INFO  [20110316 14:14:11] [24077] instantiate ArenaIntegrationPlugin
INFO  [20110316 14:15:11] [24079] instantiate ArenaIntegrationPlugin
INFO  [20110316 14:16:11] [25217] instantiate ArenaIntegrationPlugin
INFO  [20110316 14:17:11] [24073] instantiate ArenaIntegrationPlugin
INFO  [20110316 14:18:11] [24076] instantiate ArenaIntegrationPlugin
INFO  [20110316 14:19:11] [24636] instantiate ArenaIntegrationPlugin
INFO  [20110316 14:20:11] [25167] instantiate ArenaIntegrationPlugin
INFO  [20110316 14:21:11] [24075] instantiate ArenaIntegrationPlugin
INFO  [20110316 14:22:11] [24074] instantiate ArenaIntegrationPlugin
INFO  [20110316 14:23:11] [25182] instantiate ArenaIntegrationPlugin
INFO  [20110316 14:24:11] [24078] instantiate ArenaIntegrationPlugin
INFO  [20110316 14:25:11] [24080] instantiate ArenaIntegrationPlugin
INFO  [20110316 14:26:11] [24077] instantiate ArenaIntegrationPlugin
INFO  [20110316 14:27:11] [24079] instantiate ArenaIntegrationPlugin
INFO  [20110316 14:28:11] [25217] instantiate ArenaIntegrationPlugin
INFO  [20110316 14:29:11] [24073] instantiate ArenaIntegrationPlugin
INFO  [20110316 14:30:11] [24076] instantiate ArenaIntegrationPlugin
INFO  [20110316 14:31:11] [24636] instantiate ArenaIntegrationPlugin
INFO  [20110316 14:32:11] [25167] instantiate ArenaIntegrationPlugin
INFO  [20110316 14:33:11] [24075] instantiate ArenaIntegrationPlugin
INFO  [20110316 14:34:11] [24074] instantiate ArenaIntegrationPlugin
INFO  [20110316 14:35:11] [25182] instantiate ArenaIntegrationPlugin
INFO  [20110316 14:36:11] [24078] instantiate ArenaIntegrationPlugin
INFO  [20110316 14:37:11] [24080] instantiate ArenaIntegrationPlugin
INFO  [20110316 14:38:11] [24077] instantiate ArenaIntegrationPlugin
INFO  [20110316 14:39:11] [24079] instantiate ArenaIntegrationPlugin
INFO  [20110316 14:40:11] [25217] instantiate ArenaIntegrationPlugin
INFO  [20110316 14:41:11] [24073] instantiate ArenaIntegrationPlugin
INFO  [20110316 14:42:11] [24076] instantiate ArenaIntegrationPlugin
INFO  [20110316 14:43:11] [24636] instantiate ArenaIntegrationPlugin
INFO  [20110316 14:44:11] [25167] instantiate ArenaIntegrationPlugin
INFO  [20110316 14:45:11] [24075] instantiate ArenaIntegrationPlugin
INFO  [20110316 14:46:11] [24074] instantiate ArenaIntegrationPlugin
INFO  [20110316 14:47:11] [25182] instantiate ArenaIntegrationPlugin
INFO  [20110316 14:48:11] [24078] instantiate ArenaIntegrationPlugin
INFO  [20110316 14:49:11] [24080] instantiate ArenaIntegrationPlugin
INFO  [20110316 14:50:11] [24077] instantiate ArenaIntegrationPlugin
INFO  [20110316 14:51:11] [24079] instantiate ArenaIntegrationPlugin
INFO  [20110316 14:52:11] [25217] instantiate ArenaIntegrationPlugin
INFO  [20110316 14:53:11] [24073] instantiate ArenaIntegrationPlugin
INFO  [20110316 14:54:11] [24076] instantiate ArenaIntegrationPlugin
INFO  [20110316 14:55:11] [24636] instantiate ArenaIntegrationPlugin
INFO  [20110316 14:56:11] [25167] instantiate ArenaIntegrationPlugin
INFO  [20110316 14:57:11] [24075] instantiate ArenaIntegrationPlugin
INFO  [20110316 14:58:11] [24074] instantiate ArenaIntegrationPlugin
INFO  [20110316 14:59:11] [25182] instantiate ArenaIntegrationPlugin
INFO  [20110316 15:00:11] [24078] instantiate ArenaIntegrationPlugin
INFO  [20110316 15:01:11] [24080] instantiate ArenaIntegrationPlugin
INFO  [20110316 15:02:11] [24077] instantiate ArenaIntegrationPlugin
INFO  [20110316 15:03:11] [24079] instantiate ArenaIntegrationPlugin
INFO  [20110316 15:04:11] [25217] instantiate ArenaIntegrationPlugin
INFO  [20110316 15:05:11] [24073] instantiate ArenaIntegrationPlugin
INFO  [20110316 15:06:11] [24076] instantiate ArenaIntegrationPlugin
INFO  [20110316 15:07:11] [24636] instantiate ArenaIntegrationPlugin
INFO  [20110316 15:08:11] [25167] instantiate ArenaIntegrationPlugin
INFO  [20110316 15:09:11] [24075] instantiate ArenaIntegrationPlugin
INFO  [20110316 15:10:11] [24074] instantiate ArenaIntegrationPlugin
INFO  [20110316 15:11:11] [25182] instantiate ArenaIntegrationPlugin
INFO  [20110316 15:12:11] [24078] instantiate ArenaIntegrationPlugin
INFO  [20110316 15:13:11] [24080] instantiate ArenaIntegrationPlugin
INFO  [20110316 15:14:11] [24077] instantiate ArenaIntegrationPlugin
INFO  [20110316 15:15:11] [24079] instantiate ArenaIntegrationPlugin
INFO  [20110316 15:16:11] [25217] instantiate ArenaIntegrationPlugin
INFO  [20110316 15:17:11] [24073] instantiate ArenaIntegrationPlugin
INFO  [20110316 15:18:11] [24076] instantiate ArenaIntegrationPlugin
INFO  [20110316 15:19:11] [24636] instantiate ArenaIntegrationPlugin
INFO  [20110316 15:20:11] [25167] instantiate ArenaIntegrationPlugin
INFO  [20110316 15:21:11] [24075] instantiate ArenaIntegrationPlugin
INFO  [20110316 15:22:11] [24074] instantiate ArenaIntegrationPlugin
INFO  [20110316 15:23:11] [25182] instantiate ArenaIntegrationPlugin
INFO  [20110316 15:24:11] [24078] instantiate ArenaIntegrationPlugin
INFO  [20110316 15:25:11] [24080] instantiate ArenaIntegrationPlugin
INFO  [20110316 15:26:11] [24077] instantiate ArenaIntegrationPlugin
INFO  [20110316 15:27:11] [24079] instantiate ArenaIntegrationPlugin
INFO  [20110316 15:28:11] [25217] instantiate ArenaIntegrationPlugin
INFO  [20110316 15:29:11] [24073] instantiate ArenaIntegrationPlugin
INFO  [20110316 15:30:11] [24076] instantiate ArenaIntegrationPlugin
INFO  [20110316 15:31:11] [24636] instantiate ArenaIntegrationPlugin
INFO  [20110316 15:32:11] [25167] instantiate ArenaIntegrationPlugin
INFO  [20110316 15:33:11] [24075] instantiate ArenaIntegrationPlugin
INFO  [20110316 15:34:11] [24074] instantiate ArenaIntegrationPlugin
INFO  [20110316 15:35:11] [25182] instantiate ArenaIntegrationPlugin
INFO  [20110316 15:36:11] [24078] instantiate ArenaIntegrationPlugin
INFO  [20110316 15:37:11] [24080] instantiate ArenaIntegrationPlugin
INFO  [20110316 15:38:11] [24077] instantiate ArenaIntegrationPlugin
INFO  [20110316 15:39:11] [24079] instantiate ArenaIntegrationPlugin
INFO  [20110316 15:40:11] [25217] instantiate ArenaIntegrationPlugin
INFO  [20110316 15:41:11] [24073] instantiate ArenaIntegrationPlugin
INFO  [20110316 15:42:11] [24076] instantiate ArenaIntegrationPlugin
INFO  [20110316 15:43:11] [24636] instantiate ArenaIntegrationPlugin
INFO  [20110316 15:44:11] [25167] instantiate ArenaIntegrationPlugin
INFO  [20110316 15:45:11] [24075] instantiate ArenaIntegrationPlugin
INFO  [20110316 15:46:11] [24074] instantiate ArenaIntegrationPlugin
INFO  [20110316 15:47:11] [25182] instantiate ArenaIntegrationPlugin
INFO  [20110316 15:48:11] [24078] instantiate ArenaIntegrationPlugin
INFO  [20110316 15:49:11] [24080] instantiate ArenaIntegrationPlugin
INFO  [20110316 15:50:11] [24077] instantiate ArenaIntegrationPlugin
INFO  [20110316 15:51:11] [24079] instantiate ArenaIntegrationPlugin
INFO  [20110316 15:52:11] [25217] instantiate ArenaIntegrationPlugin
INFO  [20110316 15:53:11] [24073] instantiate ArenaIntegrationPlugin
INFO  [20110316 15:54:11] [24076] instantiate ArenaIntegrationPlugin
INFO  [20110316 15:55:11] [24636] instantiate ArenaIntegrationPlugin
INFO  [20110316 15:56:11] [25167] instantiate ArenaIntegrationPlugin
INFO  [20110316 15:57:11] [24075] instantiate ArenaIntegrationPlugin
INFO  [20110316 15:58:11] [24074] instantiate ArenaIntegrationPlugin
INFO  [20110316 15:59:11] [25182] instantiate ArenaIntegrationPlugin
INFO  [20110316 16:00:11] [24078] instantiate ArenaIntegrationPlugin
INFO  [20110316 16:01:11] [24080] instantiate ArenaIntegrationPlugin
INFO  [20110316 16:02:11] [24077] instantiate ArenaIntegrationPlugin
INFO  [20110316 16:03:11] [24079] instantiate ArenaIntegrationPlugin
INFO  [20110316 16:04:11] [25217] instantiate ArenaIntegrationPlugin
INFO  [20110316 16:05:11] [24073] instantiate ArenaIntegrationPlugin
INFO  [20110316 16:06:11] [24076] instantiate ArenaIntegrationPlugin
INFO  [20110316 16:07:11] [24636] instantiate ArenaIntegrationPlugin
INFO  [20110316 16:08:11] [25167] instantiate ArenaIntegrationPlugin
INFO  [20110316 16:09:11] [24075] instantiate ArenaIntegrationPlugin
INFO  [20110316 16:10:11] [24074] instantiate ArenaIntegrationPlugin
INFO  [20110316 16:11:11] [25182] instantiate ArenaIntegrationPlugin
INFO  [20110316 16:12:11] [24078] instantiate ArenaIntegrationPlugin
INFO  [20110316 16:13:11] [24080] instantiate ArenaIntegrationPlugin
INFO  [20110316 16:14:11] [24077] instantiate ArenaIntegrationPlugin
INFO  [20110316 16:15:11] [24079] instantiate ArenaIntegrationPlugin
INFO  [20110316 16:16:11] [25217] instantiate ArenaIntegrationPlugin
INFO  [20110316 16:17:11] [24073] instantiate ArenaIntegrationPlugin
INFO  [20110316 16:18:11] [24076] instantiate ArenaIntegrationPlugin
INFO  [20110316 16:19:11] [24636] instantiate ArenaIntegrationPlugin
INFO  [20110316 16:20:11] [25167] instantiate ArenaIntegrationPlugin
INFO  [20110316 16:21:11] [24075] instantiate ArenaIntegrationPlugin
INFO  [20110316 16:22:11] [24074] instantiate ArenaIntegrationPlugin
INFO  [20110316 16:23:11] [25182] instantiate ArenaIntegrationPlugin
INFO  [20110316 16:24:11] [24078] instantiate ArenaIntegrationPlugin
INFO  [20110316 16:25:11] [24080] instantiate ArenaIntegrationPlugin
INFO  [20110316 16:26:11] [24077] instantiate ArenaIntegrationPlugin
INFO  [20110316 16:27:11] [24079] instantiate ArenaIntegrationPlugin
INFO  [20110316 16:28:11] [25217] instantiate ArenaIntegrationPlugin
INFO  [20110316 16:29:11] [24073] instantiate ArenaIntegrationPlugin
INFO  [20110316 16:30:11] [24076] instantiate ArenaIntegrationPlugin
INFO  [20110316 16:31:12] [24636] instantiate ArenaIntegrationPlugin
INFO  [20110316 16:32:11] [25167] instantiate ArenaIntegrationPlugin
INFO  [20110316 16:33:11] [24075] instantiate ArenaIntegrationPlugin
INFO  [20110316 16:34:11] [24074] instantiate ArenaIntegrationPlugin
INFO  [20110316 16:35:11] [25182] instantiate ArenaIntegrationPlugin
INFO  [20110316 16:36:11] [24078] instantiate ArenaIntegrationPlugin
INFO  [20110316 16:37:11] [24080] instantiate ArenaIntegrationPlugin
INFO  [20110316 16:38:11] [24077] instantiate ArenaIntegrationPlugin
INFO  [20110316 16:39:11] [24079] instantiate ArenaIntegrationPlugin
INFO  [20110316 16:40:11] [25217] instantiate ArenaIntegrationPlugin
INFO  [20110316 16:41:12] [24073] instantiate ArenaIntegrationPlugin
INFO  [20110316 16:42:12] [24076] instantiate ArenaIntegrationPlugin
INFO  [20110316 16:43:12] [24636] instantiate ArenaIntegrationPlugin
INFO  [20110316 16:44:12] [25167] instantiate ArenaIntegrationPlugin
INFO  [20110316 16:45:12] [24075] instantiate ArenaIntegrationPlugin
INFO  [20110316 16:46:12] [24074] instantiate ArenaIntegrationPlugin
INFO  [20110316 16:47:12] [25182] instantiate ArenaIntegrationPlugin
INFO  [20110316 16:48:12] [24078] instantiate ArenaIntegrationPlugin
INFO  [20110316 16:49:12] [24080] instantiate ArenaIntegrationPlugin
INFO  [20110316 16:50:12] [24077] instantiate ArenaIntegrationPlugin
INFO  [20110316 16:51:12] [24079] instantiate ArenaIntegrationPlugin
INFO  [20110316 16:52:12] [25217] instantiate ArenaIntegrationPlugin
INFO  [20110316 16:53:12] [24073] instantiate ArenaIntegrationPlugin
INFO  [20110316 16:54:12] [24076] instantiate ArenaIntegrationPlugin
INFO  [20110316 16:55:12] [24636] instantiate ArenaIntegrationPlugin
INFO  [20110316 16:56:12] [25167] instantiate ArenaIntegrationPlugin
INFO  [20110316 16:57:12] [24075] instantiate ArenaIntegrationPlugin
INFO  [20110316 16:58:12] [24074] instantiate ArenaIntegrationPlugin
INFO  [20110316 16:59:12] [25182] instantiate ArenaIntegrationPlugin
INFO  [20110316 17:00:12] [24078] instantiate ArenaIntegrationPlugin
INFO  [20110316 17:01:12] [24080] instantiate ArenaIntegrationPlugin
INFO  [20110316 17:02:12] [24077] instantiate ArenaIntegrationPlugin
INFO  [20110316 17:03:12] [24079] instantiate ArenaIntegrationPlugin
INFO  [20110316 17:04:12] [25217] instantiate ArenaIntegrationPlugin
INFO  [20110316 17:05:12] [24073] instantiate ArenaIntegrationPlugin
INFO  [20110316 17:06:12] [24076] instantiate ArenaIntegrationPlugin
INFO  [20110316 17:07:12] [24636] instantiate ArenaIntegrationPlugin
INFO  [20110316 17:08:12] [25167] instantiate ArenaIntegrationPlugin
INFO  [20110316 17:09:12] [24075] instantiate ArenaIntegrationPlugin
INFO  [20110316 17:10:12] [24074] instantiate ArenaIntegrationPlugin
INFO  [20110316 17:11:12] [25182] instantiate ArenaIntegrationPlugin
INFO  [20110316 17:12:12] [24078] instantiate ArenaIntegrationPlugin
INFO  [20110316 17:13:12] [24080] instantiate ArenaIntegrationPlugin
INFO  [20110316 17:14:12] [24077] instantiate ArenaIntegrationPlugin
INFO  [20110316 17:15:12] [24079] instantiate ArenaIntegrationPlugin
INFO  [20110316 17:16:12] [25217] instantiate ArenaIntegrationPlugin
INFO  [20110316 17:17:12] [24073] instantiate ArenaIntegrationPlugin
INFO  [20110316 17:18:12] [24076] instantiate ArenaIntegrationPlugin
INFO  [20110316 17:19:12] [24636] instantiate ArenaIntegrationPlugin
INFO  [20110316 17:20:12] [25167] instantiate ArenaIntegrationPlugin
INFO  [20110316 17:21:12] [24075] instantiate ArenaIntegrationPlugin
INFO  [20110316 17:22:12] [24074] instantiate ArenaIntegrationPlugin
INFO  [20110316 17:23:12] [25182] instantiate ArenaIntegrationPlugin
INFO  [20110316 17:23:37] [24078] instantiate ArenaIntegrationPlugin
INFO  [20110316 17:23:38] [25167] instantiate ArenaIntegrationPlugin
INFO  [20110316 17:23:56] [24078] instantiate ArenaIntegrationPlugin
INFO  [20110316 17:23:56] [25182] instantiate ArenaIntegrationPlugin
INFO  [20110316 17:24:56] [25217] instantiate ArenaIntegrationPlugin
INFO  [20110316 17:25:56] [24076] instantiate ArenaIntegrationPlugin
INFO  [20110316 17:26:37] [24636] instantiate ArenaIntegrationPlugin
INFO  [20110316 17:26:41] [24080] instantiate ArenaIntegrationPlugin
INFO  [20110316 17:26:41] [25167] instantiate ArenaIntegrationPlugin
INFO  [20110316 17:26:42] [24079] instantiate ArenaIntegrationPlugin
INFO  [20110316 17:26:43] [24080] instantiate ArenaIntegrationPlugin
INFO  [20110316 17:26:43] [24080] ArenaWSClient instantiated
INFO  [20110316 17:26:43] [24080] ArenaWSClient instantiated
INFO  [20110316 17:27:42] [24636] instantiate ArenaIntegrationPlugin
INFO  [20110316 17:28:42] [24078] instantiate ArenaIntegrationPlugin
INFO  [20110316 17:29:42] [24074] instantiate ArenaIntegrationPlugin
INFO  [20110316 17:30:42] [26741] instantiate ArenaIntegrationPlugin
INFO  [20110316 17:31:42] [25217] instantiate ArenaIntegrationPlugin
INFO  [20110316 17:32:11] [24075] instantiate ArenaIntegrationPlugin
INFO  [20110316 17:32:11] [24075] ArenaWSClient instantiated
INFO  [20110316 17:32:11] [24075] ArenaWSClient instantiated
INFO  [20110316 17:32:42] [26741] instantiate ArenaIntegrationPlugin
INFO  [20110316 17:33:42] [24077] instantiate ArenaIntegrationPlugin
INFO  [20110316 17:34:42] [24079] instantiate ArenaIntegrationPlugin
INFO  [20110316 17:35:42] [24073] instantiate ArenaIntegrationPlugin
INFO  [20110316 17:36:42] [25182] instantiate ArenaIntegrationPlugin
INFO  [20110316 17:37:42] [24076] instantiate ArenaIntegrationPlugin
INFO  [20110316 17:38:42] [25217] instantiate ArenaIntegrationPlugin
INFO  [20110316 17:38:45] [25167] instantiate ArenaIntegrationPlugin
INFO  [20110316 17:38:47] [24636] instantiate ArenaIntegrationPlugin
INFO  [20110316 17:38:47] [24078] instantiate ArenaIntegrationPlugin
INFO  [20110316 17:38:48] [24080] instantiate ArenaIntegrationPlugin
INFO  [20110316 17:38:51] [24073] instantiate ArenaIntegrationPlugin
INFO  [20110316 17:38:51] [24073] ArenaWSClient instantiated
INFO  [20110316 17:38:51] [24073] ArenaWSClient instantiated
INFO  [20110316 17:39:11] [24079] instantiate ArenaIntegrationPlugin
INFO  [20110316 17:39:13] [25182] instantiate ArenaIntegrationPlugin
INFO  [20110316 17:39:14] [25217] instantiate ArenaIntegrationPlugin
INFO  [20110316 17:39:14] [24078] instantiate ArenaIntegrationPlugin
INFO  [20110316 17:39:15] [24636] instantiate ArenaIntegrationPlugin
INFO  [20110316 17:39:15] [24636] ArenaWSClient instantiated
INFO  [20110316 17:39:15] [24636] ArenaWSClient instantiated
INFO  [20110316 17:40:14] [24075] instantiate ArenaIntegrationPlugin
INFO  [20110316 17:41:14] [24076] instantiate ArenaIntegrationPlugin
INFO  [20110316 17:42:14] [24079] instantiate ArenaIntegrationPlugin
INFO  [20110316 17:43:14] [24636] instantiate ArenaIntegrationPlugin
INFO  [20110316 17:44:14] [25167] instantiate ArenaIntegrationPlugin
INFO  [20110316 17:45:14] [24078] instantiate ArenaIntegrationPlugin
INFO  [20110316 17:46:14] [24074] instantiate ArenaIntegrationPlugin
INFO  [20110316 17:47:14] [25217] instantiate ArenaIntegrationPlugin
INFO  [20110316 17:48:14] [25182] instantiate ArenaIntegrationPlugin
INFO  [20110316 17:49:14] [26741] instantiate ArenaIntegrationPlugin
INFO  [20110316 17:50:14] [24073] instantiate ArenaIntegrationPlugin
INFO  [20110316 17:51:14] [24077] instantiate ArenaIntegrationPlugin
INFO  [20110316 17:52:14] [24080] instantiate ArenaIntegrationPlugin
INFO  [20110316 17:53:14] [24075] instantiate ArenaIntegrationPlugin
INFO  [20110316 17:54:14] [24076] instantiate ArenaIntegrationPlugin
INFO  [20110316 17:55:14] [24079] instantiate ArenaIntegrationPlugin
INFO  [20110316 17:56:14] [24636] instantiate ArenaIntegrationPlugin
INFO  [20110316 17:57:14] [25167] instantiate ArenaIntegrationPlugin
INFO  [20110316 17:58:14] [24078] instantiate ArenaIntegrationPlugin
INFO  [20110316 17:59:14] [24074] instantiate ArenaIntegrationPlugin
INFO  [20110316 18:00:14] [25217] instantiate ArenaIntegrationPlugin
INFO  [20110316 18:01:14] [25182] instantiate ArenaIntegrationPlugin
INFO  [20110316 18:02:14] [26741] instantiate ArenaIntegrationPlugin
INFO  [20110316 18:03:14] [24073] instantiate ArenaIntegrationPlugin
INFO  [20110316 18:04:14] [24077] instantiate ArenaIntegrationPlugin
INFO  [20110316 18:05:14] [24080] instantiate ArenaIntegrationPlugin
INFO  [20110316 18:06:14] [24075] instantiate ArenaIntegrationPlugin
INFO  [20110316 18:07:14] [24076] instantiate ArenaIntegrationPlugin
INFO  [20110316 18:08:14] [24079] instantiate ArenaIntegrationPlugin
INFO  [20110316 18:09:14] [24636] instantiate ArenaIntegrationPlugin
INFO  [20110316 18:10:14] [25167] instantiate ArenaIntegrationPlugin
INFO  [20110316 18:11:14] [24078] instantiate ArenaIntegrationPlugin
INFO  [20110316 18:12:14] [24074] instantiate ArenaIntegrationPlugin
INFO  [20110316 18:13:14] [25217] instantiate ArenaIntegrationPlugin
INFO  [20110316 18:14:14] [25182] instantiate ArenaIntegrationPlugin
INFO  [20110316 18:15:14] [26741] instantiate ArenaIntegrationPlugin
INFO  [20110316 18:16:14] [24073] instantiate ArenaIntegrationPlugin
INFO  [20110316 18:17:14] [24077] instantiate ArenaIntegrationPlugin
INFO  [20110316 18:18:14] [24080] instantiate ArenaIntegrationPlugin
INFO  [20110316 18:19:14] [24075] instantiate ArenaIntegrationPlugin
INFO  [20110316 18:20:14] [24076] instantiate ArenaIntegrationPlugin
INFO  [20110316 18:21:14] [24079] instantiate ArenaIntegrationPlugin
INFO  [20110316 18:22:14] [24636] instantiate ArenaIntegrationPlugin
INFO  [20110316 18:23:14] [25167] instantiate ArenaIntegrationPlugin
INFO  [20110316 18:24:14] [24078] instantiate ArenaIntegrationPlugin
INFO  [20110316 18:25:14] [24074] instantiate ArenaIntegrationPlugin
INFO  [20110316 18:26:14] [25217] instantiate ArenaIntegrationPlugin
INFO  [20110316 18:27:14] [25182] instantiate ArenaIntegrationPlugin
INFO  [20110316 18:28:14] [26741] instantiate ArenaIntegrationPlugin
INFO  [20110316 18:29:14] [24073] instantiate ArenaIntegrationPlugin
INFO  [20110316 18:30:14] [24077] instantiate ArenaIntegrationPlugin
INFO  [20110316 18:31:14] [24080] instantiate ArenaIntegrationPlugin
INFO  [20110316 18:32:14] [24075] instantiate ArenaIntegrationPlugin
INFO  [20110316 18:33:14] [24076] instantiate ArenaIntegrationPlugin
INFO  [20110316 20:05:13] [24079] instantiate ArenaIntegrationPlugin
INFO  [20110316 20:06:13] [24636] instantiate ArenaIntegrationPlugin
INFO  [20110316 20:06:39] [25167] instantiate ArenaIntegrationPlugin
INFO  [20110316 20:06:44] [24074] instantiate ArenaIntegrationPlugin
INFO  [20110316 20:06:44] [25217] instantiate ArenaIntegrationPlugin
INFO  [20110316 20:06:53] [26741] instantiate ArenaIntegrationPlugin
INFO  [20110316 20:06:53] [26741] ArenaWSClient instantiated
INFO  [20110316 20:07:02] [26741] ArenaWSClient instantiated
INFO  [20110316 20:16:17] [25182] instantiate ArenaIntegrationPlugin
INFO  [20110316 20:16:17] [25182] ArenaWSClient instantiated
INFO  [20110316 20:16:17] [25182] ArenaWSClient instantiated
INFO  [20110316 20:23:17] [24079] instantiate ArenaIntegrationPlugin
INFO  [20110316 20:23:19] [25182] instantiate ArenaIntegrationPlugin
INFO  [20110316 20:23:20] [24078] instantiate ArenaIntegrationPlugin
INFO  [20110316 20:23:30] [24074] instantiate ArenaIntegrationPlugin
INFO  [20110316 20:23:30] [24079] instantiate ArenaIntegrationPlugin
INFO  [20110316 20:24:02] [24075] instantiate ArenaIntegrationPlugin
INFO  [20110316 20:24:04] [26741] instantiate ArenaIntegrationPlugin
INFO  [20110316 20:24:06] [25182] instantiate ArenaIntegrationPlugin
INFO  [20110316 20:24:07] [24077] instantiate ArenaIntegrationPlugin
INFO  [20110316 20:24:08] [24074] instantiate ArenaIntegrationPlugin
INFO  [20110316 20:24:09] [24073] instantiate ArenaIntegrationPlugin
INFO  [20110316 20:24:10] [24073] ArenaWSClient instantiated
INFO  [20110316 20:24:10] [24073] ArenaWSClient instantiated
INFO  [20110316 20:24:10] [24073] ArenaWSClient instantiated
INFO  [20110316 20:25:08] [26741] instantiate ArenaIntegrationPlugin
INFO  [20110316 20:26:08] [24636] instantiate ArenaIntegrationPlugin
INFO  [20110316 20:27:08] [25182] instantiate ArenaIntegrationPlugin
INFO  [20110316 20:28:08] [24073] instantiate ArenaIntegrationPlugin
INFO  [20110316 20:29:08] [24080] instantiate ArenaIntegrationPlugin
INFO  [20110316 20:30:08] [25167] instantiate ArenaIntegrationPlugin
INFO  [20110316 20:31:08] [24075] instantiate ArenaIntegrationPlugin
INFO  [20110316 20:32:08] [24074] instantiate ArenaIntegrationPlugin
INFO  [20110316 20:33:08] [24079] instantiate ArenaIntegrationPlugin
INFO  [20110316 20:34:08] [24077] instantiate ArenaIntegrationPlugin
INFO  [20110316 20:34:50] [24078] instantiate ArenaIntegrationPlugin
INFO  [20110316 20:34:51] [24078] ArenaWSClient instantiated
INFO  [20110316 20:34:51] [24078] ArenaWSClient instantiated
INFO  [20110316 20:34:51] [24078] ArenaWSClient instantiated
INFO  [20110316 20:35:08] [24077] instantiate ArenaIntegrationPlugin
INFO  [20110316 20:36:08] [25217] instantiate ArenaIntegrationPlugin
INFO  [20110316 20:37:08] [24078] instantiate ArenaIntegrationPlugin
INFO  [20110316 20:38:08] [26741] instantiate ArenaIntegrationPlugin
INFO  [20110316 20:39:01] [25182] instantiate ArenaIntegrationPlugin
INFO  [20110316 20:39:01] [25182] ArenaWSClient instantiated
INFO  [20110316 20:39:01] [25182] ArenaWSClient instantiated
INFO  [20110316 20:39:01] [25182] ArenaWSClient instantiated
INFO  [20110316 20:39:08] [26741] instantiate ArenaIntegrationPlugin
INFO  [20110316 20:40:08] [24074] instantiate ArenaIntegrationPlugin
INFO  [20110316 20:40:32] [25182] instantiate ArenaIntegrationPlugin
INFO  [20110316 20:40:34] [24076] instantiate ArenaIntegrationPlugin
INFO  [20110316 20:40:35] [24079] instantiate ArenaIntegrationPlugin
INFO  [20110316 20:40:36] [26741] instantiate ArenaIntegrationPlugin
INFO  [20110316 20:41:01] [24636] instantiate ArenaIntegrationPlugin
INFO  [20110316 20:41:01] [24636] ArenaWSClient instantiated
INFO  [20110316 20:41:01] [24636] ArenaWSClient instantiated
INFO  [20110316 20:41:01] [24636] ArenaWSClient instantiated
INFO  [20110316 20:41:36] [24074] instantiate ArenaIntegrationPlugin
INFO  [20110316 20:42:36] [25217] instantiate ArenaIntegrationPlugin
INFO  [20110316 20:43:36] [24636] instantiate ArenaIntegrationPlugin
INFO  [20110316 20:44:36] [25182] instantiate ArenaIntegrationPlugin
INFO  [20110316 20:44:42] [24073] instantiate ArenaIntegrationPlugin
INFO  [20110316 20:44:42] [24073] ArenaWSClient instantiated
INFO  [20110316 20:44:42] [24073] ArenaWSClient instantiated
INFO  [20110316 20:44:42] [24073] ArenaWSClient instantiated
INFO  [20110316 20:45:36] [25182] instantiate ArenaIntegrationPlugin
INFO  [20110316 20:46:36] [25167] instantiate ArenaIntegrationPlugin
INFO  [20110316 20:47:09] [24073] instantiate ArenaIntegrationPlugin
INFO  [20110316 20:47:13] [24080] instantiate ArenaIntegrationPlugin
INFO  [20110316 20:47:13] [26741] instantiate ArenaIntegrationPlugin
INFO  [20110316 20:47:15] [24073] instantiate ArenaIntegrationPlugin
INFO  [20110316 20:47:17] [24080] instantiate ArenaIntegrationPlugin
INFO  [20110316 20:47:17] [24080] ArenaWSClient instantiated
INFO  [20110316 20:47:17] [24080] ArenaWSClient instantiated
INFO  [20110316 20:47:17] [24080] ArenaWSClient instantiated
INFO  [20110316 20:48:15] [25167] instantiate ArenaIntegrationPlugin
INFO  [20110316 20:49:15] [25217] instantiate ArenaIntegrationPlugin
INFO  [20110316 20:49:58] [24080] instantiate ArenaIntegrationPlugin
INFO  [20110316 20:49:59] [24080] ArenaWSClient instantiated
INFO  [20110316 20:49:59] [24080] ArenaWSClient instantiated
INFO  [20110316 20:49:59] [24080] ArenaWSClient instantiated
INFO  [20110316 20:50:15] [25217] instantiate ArenaIntegrationPlugin
INFO  [20110316 20:51:15] [24636] instantiate ArenaIntegrationPlugin
INFO  [20110316 20:52:15] [24080] instantiate ArenaIntegrationPlugin
INFO  [20110316 20:52:16] [24077] instantiate ArenaIntegrationPlugin
INFO  [20110316 20:52:16] [24077] ArenaWSClient instantiated
INFO  [20110316 20:52:16] [24077] ArenaWSClient instantiated
INFO  [20110316 20:52:16] [24077] ArenaWSClient instantiated
INFO  [20110316 20:53:15] [24080] instantiate ArenaIntegrationPlugin
INFO  [20110316 20:54:15] [24078] instantiate ArenaIntegrationPlugin
INFO  [20110316 20:55:15] [24077] instantiate ArenaIntegrationPlugin
INFO  [20110316 20:56:15] [25182] instantiate ArenaIntegrationPlugin
INFO  [20110316 20:57:00] [25167] instantiate ArenaIntegrationPlugin
INFO  [20110316 20:57:00] [25167] ArenaWSClient instantiated
INFO  [20110316 20:57:11] [24073] instantiate ArenaIntegrationPlugin
INFO  [20110316 20:57:11] [24073] ChmsIntegrationPlugin:authenticate
INFO  [20110316 20:57:15] [25217] instantiate ArenaIntegrationPlugin
INFO  [20110316 20:57:15] [24076] instantiate ArenaIntegrationPlugin
INFO  [20110316 20:57:15] [24076] ChmsIntegrationPlugin:authenticate
INFO  [20110316 20:57:15] [24076] ArenaWSClient instantiated
INFO  [20110316 20:57:15] [24076] successful login for waynehe, session is c5cb3c2c-e979-449e-9a55-3e79438f1876
INFO  [20110316 20:57:15] [24636] instantiate ArenaIntegrationPlugin
INFO  [20110316 20:57:18] [25217] instantiate ArenaIntegrationPlugin
INFO  [20110316 20:57:18] [25217] ArenaWSClient instantiated
INFO  [20110316 20:57:18] [25217] ArenaWSClient instantiated
INFO  [20110316 20:57:18] [25217] ArenaWSClient instantiated
INFO  [20110316 20:58:15] [24076] instantiate ArenaIntegrationPlugin
INFO  [20110316 20:59:15] [24075] instantiate ArenaIntegrationPlugin
INFO  [20110316 21:00:15] [26741] instantiate ArenaIntegrationPlugin
INFO  [20110316 21:01:15] [24636] instantiate ArenaIntegrationPlugin
INFO  [20110316 21:02:15] [24077] instantiate ArenaIntegrationPlugin
INFO  [20110316 21:03:15] [24074] instantiate ArenaIntegrationPlugin
INFO  [20110316 21:04:15] [24078] instantiate ArenaIntegrationPlugin
INFO  [20110316 21:05:15] [25182] instantiate ArenaIntegrationPlugin
INFO  [20110316 21:06:15] [24080] instantiate ArenaIntegrationPlugin
INFO  [20110316 21:07:15] [25167] instantiate ArenaIntegrationPlugin
INFO  [20110316 21:08:15] [24079] instantiate ArenaIntegrationPlugin
INFO  [20110316 21:09:15] [24073] instantiate ArenaIntegrationPlugin
INFO  [20110316 21:10:15] [25217] instantiate ArenaIntegrationPlugin
INFO  [20110316 21:11:15] [24076] instantiate ArenaIntegrationPlugin
INFO  [20110316 21:12:15] [24075] instantiate ArenaIntegrationPlugin
INFO  [20110316 21:13:15] [26741] instantiate ArenaIntegrationPlugin
INFO  [20110316 21:14:15] [24636] instantiate ArenaIntegrationPlugin
INFO  [20110316 21:15:15] [24077] instantiate ArenaIntegrationPlugin
INFO  [20110316 21:16:15] [24074] instantiate ArenaIntegrationPlugin
INFO  [20110316 21:17:15] [24078] instantiate ArenaIntegrationPlugin
INFO  [20110316 21:18:15] [25182] instantiate ArenaIntegrationPlugin
INFO  [20110316 21:19:15] [24080] instantiate ArenaIntegrationPlugin
INFO  [20110316 21:20:15] [25167] instantiate ArenaIntegrationPlugin
INFO  [20110316 21:21:15] [24079] instantiate ArenaIntegrationPlugin
INFO  [20110316 21:22:15] [24073] instantiate ArenaIntegrationPlugin
INFO  [20110316 21:23:15] [25217] instantiate ArenaIntegrationPlugin
INFO  [20110316 21:24:15] [24076] instantiate ArenaIntegrationPlugin
INFO  [20110316 21:25:15] [24075] instantiate ArenaIntegrationPlugin
INFO  [20110316 21:26:15] [26741] instantiate ArenaIntegrationPlugin
INFO  [20110316 21:27:15] [24636] instantiate ArenaIntegrationPlugin
INFO  [20110316 21:28:15] [24077] instantiate ArenaIntegrationPlugin
INFO  [20110316 21:29:15] [24074] instantiate ArenaIntegrationPlugin
INFO  [20110316 21:30:15] [24078] instantiate ArenaIntegrationPlugin
INFO  [20110316 21:31:15] [25182] instantiate ArenaIntegrationPlugin
INFO  [20110316 21:32:15] [24080] instantiate ArenaIntegrationPlugin
INFO  [20110316 21:33:15] [25167] instantiate ArenaIntegrationPlugin
INFO  [20110316 21:34:15] [24079] instantiate ArenaIntegrationPlugin
INFO  [20110316 21:35:15] [24073] instantiate ArenaIntegrationPlugin
INFO  [20110316 21:36:15] [25217] instantiate ArenaIntegrationPlugin
INFO  [20110316 21:37:15] [24076] instantiate ArenaIntegrationPlugin
INFO  [20110316 21:38:15] [24075] instantiate ArenaIntegrationPlugin
INFO  [20110316 21:39:15] [26741] instantiate ArenaIntegrationPlugin
INFO  [20110316 21:40:15] [24636] instantiate ArenaIntegrationPlugin
INFO  [20110316 21:41:15] [24077] instantiate ArenaIntegrationPlugin
INFO  [20110316 21:42:15] [24074] instantiate ArenaIntegrationPlugin
INFO  [20110316 21:43:15] [24078] instantiate ArenaIntegrationPlugin
INFO  [20110316 21:44:15] [25182] instantiate ArenaIntegrationPlugin
INFO  [20110316 21:45:15] [24080] instantiate ArenaIntegrationPlugin
INFO  [20110316 21:46:15] [25167] instantiate ArenaIntegrationPlugin
INFO  [20110316 21:47:15] [24079] instantiate ArenaIntegrationPlugin
INFO  [20110316 21:48:15] [24073] instantiate ArenaIntegrationPlugin
INFO  [20110316 21:49:15] [25217] instantiate ArenaIntegrationPlugin
INFO  [20110316 21:50:15] [24076] instantiate ArenaIntegrationPlugin
INFO  [20110316 21:51:15] [24075] instantiate ArenaIntegrationPlugin
INFO  [20110316 21:52:15] [26741] instantiate ArenaIntegrationPlugin
INFO  [20110316 21:53:15] [24636] instantiate ArenaIntegrationPlugin
INFO  [20110316 21:54:16] [24077] instantiate ArenaIntegrationPlugin
INFO  [20110316 21:55:15] [24074] instantiate ArenaIntegrationPlugin
INFO  [20110316 21:56:15] [24078] instantiate ArenaIntegrationPlugin
INFO  [20110316 21:57:15] [25182] instantiate ArenaIntegrationPlugin
INFO  [20110316 21:58:15] [24080] instantiate ArenaIntegrationPlugin
INFO  [20110316 21:59:15] [25167] instantiate ArenaIntegrationPlugin
INFO  [20110316 22:00:15] [24079] instantiate ArenaIntegrationPlugin
INFO  [20110316 22:01:15] [24073] instantiate ArenaIntegrationPlugin
INFO  [20110316 22:02:15] [25217] instantiate ArenaIntegrationPlugin
INFO  [20110316 22:03:15] [24076] instantiate ArenaIntegrationPlugin
INFO  [20110316 22:04:15] [24075] instantiate ArenaIntegrationPlugin
INFO  [20110316 22:05:15] [26741] instantiate ArenaIntegrationPlugin
INFO  [20110316 22:06:15] [24636] instantiate ArenaIntegrationPlugin
INFO  [20110316 22:07:15] [24077] instantiate ArenaIntegrationPlugin
INFO  [20110316 22:08:15] [24074] instantiate ArenaIntegrationPlugin
INFO  [20110316 22:09:15] [24078] instantiate ArenaIntegrationPlugin
INFO  [20110316 22:10:15] [25182] instantiate ArenaIntegrationPlugin
INFO  [20110316 22:11:15] [24080] instantiate ArenaIntegrationPlugin
INFO  [20110316 22:12:15] [25167] instantiate ArenaIntegrationPlugin
INFO  [20110316 22:13:15] [24079] instantiate ArenaIntegrationPlugin
INFO  [20110316 22:14:15] [24073] instantiate ArenaIntegrationPlugin
INFO  [20110316 22:15:15] [25217] instantiate ArenaIntegrationPlugin
INFO  [20110316 22:16:15] [24076] instantiate ArenaIntegrationPlugin
INFO  [20110316 22:17:15] [24075] instantiate ArenaIntegrationPlugin
INFO  [20110316 22:18:15] [26741] instantiate ArenaIntegrationPlugin
INFO  [20110316 22:19:15] [24636] instantiate ArenaIntegrationPlugin
INFO  [20110316 22:20:15] [24077] instantiate ArenaIntegrationPlugin
INFO  [20110316 22:21:15] [24074] instantiate ArenaIntegrationPlugin
INFO  [20110316 22:22:15] [24078] instantiate ArenaIntegrationPlugin
INFO  [20110316 22:23:15] [25182] instantiate ArenaIntegrationPlugin
INFO  [20110316 22:24:15] [24080] instantiate ArenaIntegrationPlugin
INFO  [20110316 22:25:15] [25167] instantiate ArenaIntegrationPlugin
INFO  [20110316 22:26:15] [24079] instantiate ArenaIntegrationPlugin
INFO  [20110316 22:27:15] [24073] instantiate ArenaIntegrationPlugin
INFO  [20110316 22:28:15] [25217] instantiate ArenaIntegrationPlugin
INFO  [20110316 22:29:15] [24076] instantiate ArenaIntegrationPlugin
INFO  [20110316 22:30:15] [24075] instantiate ArenaIntegrationPlugin
INFO  [20110316 22:31:15] [26741] instantiate ArenaIntegrationPlugin
INFO  [20110316 22:32:15] [24636] instantiate ArenaIntegrationPlugin
INFO  [20110316 22:33:15] [24077] instantiate ArenaIntegrationPlugin
INFO  [20110316 22:34:15] [24074] instantiate ArenaIntegrationPlugin
INFO  [20110316 22:35:15] [24078] instantiate ArenaIntegrationPlugin
INFO  [20110316 22:36:15] [25182] instantiate ArenaIntegrationPlugin
INFO  [20110316 22:37:15] [24080] instantiate ArenaIntegrationPlugin
INFO  [20110316 22:38:15] [25167] instantiate ArenaIntegrationPlugin
INFO  [20110316 22:39:15] [24079] instantiate ArenaIntegrationPlugin
INFO  [20110316 22:40:15] [24073] instantiate ArenaIntegrationPlugin
INFO  [20110316 22:41:15] [25217] instantiate ArenaIntegrationPlugin
INFO  [20110316 22:42:16] [24076] instantiate ArenaIntegrationPlugin
INFO  [20110316 22:43:15] [24075] instantiate ArenaIntegrationPlugin
INFO  [20110316 22:44:15] [26741] instantiate ArenaIntegrationPlugin
INFO  [20110316 22:45:15] [24636] instantiate ArenaIntegrationPlugin
INFO  [20110316 22:46:15] [24077] instantiate ArenaIntegrationPlugin
INFO  [20110316 22:47:15] [24074] instantiate ArenaIntegrationPlugin
INFO  [20110316 22:48:15] [24078] instantiate ArenaIntegrationPlugin
INFO  [20110316 22:49:15] [25182] instantiate ArenaIntegrationPlugin
INFO  [20110316 22:50:15] [24080] instantiate ArenaIntegrationPlugin
INFO  [20110316 22:51:15] [25167] instantiate ArenaIntegrationPlugin
INFO  [20110316 22:52:15] [24079] instantiate ArenaIntegrationPlugin
INFO  [20110316 22:53:15] [24073] instantiate ArenaIntegrationPlugin
INFO  [20110316 22:54:15] [25217] instantiate ArenaIntegrationPlugin
INFO  [20110316 22:55:15] [24076] instantiate ArenaIntegrationPlugin
INFO  [20110316 22:56:15] [24075] instantiate ArenaIntegrationPlugin
INFO  [20110316 22:57:15] [26741] instantiate ArenaIntegrationPlugin
INFO  [20110316 22:58:15] [24636] instantiate ArenaIntegrationPlugin
INFO  [20110316 22:59:15] [24077] instantiate ArenaIntegrationPlugin
INFO  [20110316 23:00:15] [24074] instantiate ArenaIntegrationPlugin
INFO  [20110316 23:01:15] [24078] instantiate ArenaIntegrationPlugin
INFO  [20110316 23:02:15] [25182] instantiate ArenaIntegrationPlugin
INFO  [20110316 23:03:15] [24080] instantiate ArenaIntegrationPlugin
INFO  [20110316 23:04:15] [25167] instantiate ArenaIntegrationPlugin
INFO  [20110316 23:05:15] [24079] instantiate ArenaIntegrationPlugin
INFO  [20110316 23:06:15] [24073] instantiate ArenaIntegrationPlugin
INFO  [20110316 23:07:15] [25217] instantiate ArenaIntegrationPlugin
INFO  [20110316 23:08:15] [24076] instantiate ArenaIntegrationPlugin
INFO  [20110316 23:09:15] [24075] instantiate ArenaIntegrationPlugin
INFO  [20110316 23:10:15] [26741] instantiate ArenaIntegrationPlugin
INFO  [20110316 23:11:15] [24636] instantiate ArenaIntegrationPlugin
INFO  [20110316 23:12:15] [24077] instantiate ArenaIntegrationPlugin
INFO  [20110316 23:13:15] [24074] instantiate ArenaIntegrationPlugin
INFO  [20110316 23:14:15] [24078] instantiate ArenaIntegrationPlugin
INFO  [20110316 23:15:15] [25182] instantiate ArenaIntegrationPlugin
INFO  [20110316 23:16:15] [24080] instantiate ArenaIntegrationPlugin
INFO  [20110316 23:17:15] [25167] instantiate ArenaIntegrationPlugin
INFO  [20110316 23:18:15] [24079] instantiate ArenaIntegrationPlugin
INFO  [20110316 23:19:15] [24073] instantiate ArenaIntegrationPlugin
INFO  [20110316 23:20:15] [25217] instantiate ArenaIntegrationPlugin
INFO  [20110316 23:21:15] [24076] instantiate ArenaIntegrationPlugin
INFO  [20110316 23:22:15] [24075] instantiate ArenaIntegrationPlugin
INFO  [20110316 23:23:15] [26741] instantiate ArenaIntegrationPlugin
INFO  [20110316 23:24:15] [24636] instantiate ArenaIntegrationPlugin
INFO  [20110316 23:25:15] [24077] instantiate ArenaIntegrationPlugin
INFO  [20110316 23:26:15] [24074] instantiate ArenaIntegrationPlugin
INFO  [20110316 23:27:15] [24078] instantiate ArenaIntegrationPlugin
INFO  [20110317 12:29:06] [25182] instantiate ArenaIntegrationPlugin
INFO  [20110317 12:30:04] [24080] instantiate ArenaIntegrationPlugin
INFO  [20110317 12:31:04] [25167] instantiate ArenaIntegrationPlugin
INFO  [20110317 12:32:04] [24079] instantiate ArenaIntegrationPlugin
INFO  [20110317 12:33:04] [24073] instantiate ArenaIntegrationPlugin
INFO  [20110317 12:34:04] [25217] instantiate ArenaIntegrationPlugin
INFO  [20110317 12:35:04] [24076] instantiate ArenaIntegrationPlugin
INFO  [20110317 12:36:04] [24075] instantiate ArenaIntegrationPlugin
INFO  [20110317 12:37:04] [26741] instantiate ArenaIntegrationPlugin
INFO  [20110317 12:38:04] [24636] instantiate ArenaIntegrationPlugin
INFO  [20110317 12:39:04] [24077] instantiate ArenaIntegrationPlugin
INFO  [20110317 12:40:04] [24074] instantiate ArenaIntegrationPlugin
INFO  [20110317 12:41:04] [24078] instantiate ArenaIntegrationPlugin
INFO  [20110317 12:42:04] [25182] instantiate ArenaIntegrationPlugin
INFO  [20110317 12:43:04] [24080] instantiate ArenaIntegrationPlugin
INFO  [20110317 12:44:04] [25167] instantiate ArenaIntegrationPlugin
INFO  [20110317 12:45:04] [24079] instantiate ArenaIntegrationPlugin
INFO  [20110317 12:46:04] [24073] instantiate ArenaIntegrationPlugin
INFO  [20110317 12:47:04] [25217] instantiate ArenaIntegrationPlugin
INFO  [20110317 12:48:04] [24076] instantiate ArenaIntegrationPlugin
INFO  [20110317 12:49:04] [24075] instantiate ArenaIntegrationPlugin
INFO  [20110317 12:50:04] [26741] instantiate ArenaIntegrationPlugin
INFO  [20110317 12:51:04] [24636] instantiate ArenaIntegrationPlugin
INFO  [20110317 12:52:04] [24077] instantiate ArenaIntegrationPlugin
INFO  [20110317 12:53:05] [24074] instantiate ArenaIntegrationPlugin
INFO  [20110317 12:54:05] [24078] instantiate ArenaIntegrationPlugin
INFO  [20110317 12:55:05] [25182] instantiate ArenaIntegrationPlugin
INFO  [20110317 12:56:05] [24080] instantiate ArenaIntegrationPlugin
INFO  [20110317 12:57:05] [25167] instantiate ArenaIntegrationPlugin
INFO  [20110317 12:58:05] [24079] instantiate ArenaIntegrationPlugin
INFO  [20110317 12:59:05] [24073] instantiate ArenaIntegrationPlugin
INFO  [20110317 13:00:05] [25217] instantiate ArenaIntegrationPlugin
INFO  [20110317 13:01:05] [24076] instantiate ArenaIntegrationPlugin
INFO  [20110317 13:02:05] [24075] instantiate ArenaIntegrationPlugin
INFO  [20110317 13:03:05] [26741] instantiate ArenaIntegrationPlugin
INFO  [20110317 13:04:05] [24636] instantiate ArenaIntegrationPlugin
INFO  [20110317 13:05:05] [24077] instantiate ArenaIntegrationPlugin
INFO  [20110317 13:06:05] [24074] instantiate ArenaIntegrationPlugin
INFO  [20110317 13:07:05] [24078] instantiate ArenaIntegrationPlugin
INFO  [20110317 13:08:05] [25182] instantiate ArenaIntegrationPlugin
INFO  [20110317 13:09:05] [24080] instantiate ArenaIntegrationPlugin
INFO  [20110317 13:10:05] [25167] instantiate ArenaIntegrationPlugin
INFO  [20110317 13:11:05] [24079] instantiate ArenaIntegrationPlugin
INFO  [20110317 13:12:05] [24073] instantiate ArenaIntegrationPlugin
INFO  [20110317 13:13:05] [25217] instantiate ArenaIntegrationPlugin
INFO  [20110317 13:14:05] [24076] instantiate ArenaIntegrationPlugin
INFO  [20110317 13:15:05] [24075] instantiate ArenaIntegrationPlugin
INFO  [20110317 13:16:05] [26741] instantiate ArenaIntegrationPlugin
INFO  [20110317 13:17:05] [24636] instantiate ArenaIntegrationPlugin
INFO  [20110317 13:18:05] [24077] instantiate ArenaIntegrationPlugin
INFO  [20110317 13:19:05] [24074] instantiate ArenaIntegrationPlugin
INFO  [20110317 13:20:05] [24078] instantiate ArenaIntegrationPlugin
INFO  [20110317 13:21:05] [25182] instantiate ArenaIntegrationPlugin
INFO  [20110317 13:22:05] [24080] instantiate ArenaIntegrationPlugin
INFO  [20110317 13:23:05] [25167] instantiate ArenaIntegrationPlugin
INFO  [20110317 13:24:05] [24079] instantiate ArenaIntegrationPlugin
INFO  [20110317 13:24:29] [24073] instantiate ArenaIntegrationPlugin
INFO  [20110317 13:24:52] [24075] instantiate ArenaIntegrationPlugin
INFO  [20110317 13:25:05] [24076] instantiate ArenaIntegrationPlugin
INFO  [20110317 13:26:05] [24077] instantiate ArenaIntegrationPlugin
INFO  [20110317 13:26:17] [24073] instantiate ArenaIntegrationPlugin
INFO  [20110317 13:26:25] [25167] instantiate ArenaIntegrationPlugin
INFO  [20110317 13:26:34] [24076] instantiate ArenaIntegrationPlugin
INFO  [20110317 13:27:05] [24636] instantiate ArenaIntegrationPlugin
INFO  [20110317 13:28:05] [25182] instantiate ArenaIntegrationPlugin
INFO  [20110317 13:29:05] [24077] instantiate ArenaIntegrationPlugin
INFO  [20110317 13:30:05] [24073] instantiate ArenaIntegrationPlugin
INFO  [20110317 13:31:05] [24080] instantiate ArenaIntegrationPlugin
INFO  [20110317 13:32:05] [25217] instantiate ArenaIntegrationPlugin
INFO  [20110317 13:33:05] [24074] instantiate ArenaIntegrationPlugin
INFO  [20110317 13:34:05] [26741] instantiate ArenaIntegrationPlugin
INFO  [20110317 13:35:05] [24079] instantiate ArenaIntegrationPlugin
INFO  [20110317 13:36:05] [25167] instantiate ArenaIntegrationPlugin
INFO  [20110317 13:37:05] [24075] instantiate ArenaIntegrationPlugin
INFO  [20110317 13:38:05] [24078] instantiate ArenaIntegrationPlugin
INFO  [20110317 13:39:05] [24076] instantiate ArenaIntegrationPlugin
INFO  [20110317 13:40:05] [24636] instantiate ArenaIntegrationPlugin
INFO  [20110317 13:41:05] [25182] instantiate ArenaIntegrationPlugin
INFO  [20110317 13:42:05] [24077] instantiate ArenaIntegrationPlugin
INFO  [20110317 13:43:05] [24073] instantiate ArenaIntegrationPlugin
INFO  [20110317 13:44:05] [24080] instantiate ArenaIntegrationPlugin
INFO  [20110317 13:45:05] [25217] instantiate ArenaIntegrationPlugin
INFO  [20110317 13:45:09] [24074] instantiate ArenaIntegrationPlugin
INFO  [20110317 13:45:13] [26741] instantiate ArenaIntegrationPlugin
INFO  [20110317 13:46:04] [24079] instantiate ArenaIntegrationPlugin
INFO  [20110317 13:46:04] [24079] ArenaWSClient instantiated
INFO  [20110317 13:46:05] [25167] instantiate ArenaIntegrationPlugin
INFO  [20110317 13:46:39] [25217] instantiate ArenaIntegrationPlugin
INFO  [20110317 13:47:52] [24075] instantiate ArenaIntegrationPlugin
INFO  [20110317 13:47:59] [24080] instantiate ArenaIntegrationPlugin
INFO  [20110317 13:47:59] [24077] instantiate ArenaIntegrationPlugin
INFO  [20110317 13:48:01] [24636] instantiate ArenaIntegrationPlugin
INFO  [20110317 13:48:01] [24636] ChmsIntegrationPlugin:authenticate
INFO  [20110317 13:48:07] [24079] instantiate ArenaIntegrationPlugin
INFO  [20110317 13:48:07] [24079] ChmsIntegrationPlugin:authenticate
INFO  [20110317 13:48:07] [24079] ArenaWSClient instantiated
INFO  [20110317 13:50:05] [24075] instantiate ArenaIntegrationPlugin
INFO  [20110317 13:50:05] [24075] ChmsIntegrationPlugin:authenticate
INFO  [20110317 13:50:05] [24075] ArenaWSClient instantiated
INFO  [20110317 13:50:05] [24074] instantiate ArenaIntegrationPlugin
INFO  [20110317 13:50:11] [25217] instantiate ArenaIntegrationPlugin
INFO  [20110317 13:50:11] [25217] ArenaWSClient instantiated
INFO  [20110317 13:50:53] [24078] instantiate ArenaIntegrationPlugin
INFO  [20110317 13:50:53] [25217] instantiate ArenaIntegrationPlugin
INFO  [20110317 13:50:55] [26741] instantiate ArenaIntegrationPlugin
INFO  [20110317 13:50:55] [26741] ChmsIntegrationPlugin:authenticate
INFO  [20110317 13:50:59] [24080] instantiate ArenaIntegrationPlugin
INFO  [20110317 13:50:59] [24080] ChmsIntegrationPlugin:authenticate
INFO  [20110317 13:50:59] [24080] ArenaWSClient instantiated
INFO  [20110317 13:50:59] [24080] successful login for russellto, session is bdac44b5-3639-44d6-aae5-3d1ae67cb262
INFO  [20110317 13:50:59] [24077] instantiate ArenaIntegrationPlugin
INFO  [20110317 13:51:01] [26741] instantiate ArenaIntegrationPlugin
INFO  [20110317 13:51:01] [26741] ArenaWSClient instantiated
INFO  [20110317 13:51:24] [26741] instantiate ArenaIntegrationPlugin
INFO  [20110317 13:51:24] [26741] ArenaWSClient instantiated
INFO  [20110317 13:53:47] [24636] instantiate ArenaIntegrationPlugin
INFO  [20110317 13:53:47] [24636] ArenaWSClient instantiated
INFO  [20110317 13:53:54] [24077] instantiate ArenaIntegrationPlugin
INFO  [20110317 13:53:54] [24077] ArenaWSClient instantiated
INFO  [20110317 13:54:33] [24076] instantiate ArenaIntegrationPlugin
INFO  [20110317 13:54:39] [24080] instantiate ArenaIntegrationPlugin
INFO  [20110317 13:54:39] [24080] ArenaWSClient instantiated
INFO  [20110317 13:55:36] [24077] instantiate ArenaIntegrationPlugin
INFO  [20110317 13:55:36] [24077] ArenaWSClient instantiated
INFO  [20110317 13:58:33] [24073] instantiate ArenaIntegrationPlugin
INFO  [20110317 13:58:33] [24073] ArenaWSClient instantiated
INFO  [20110317 14:14:52] [26741] instantiate ArenaIntegrationPlugin
INFO  [20110317 14:14:53] [26741] ArenaWSClient instantiated
INFO  [20110317 14:14:58] [26741] instantiate ArenaIntegrationPlugin
INFO  [20110317 14:14:58] [26741] ArenaWSClient instantiated
INFO  [20110317 14:14:58] [26741] ArenaWSClient instantiated
INFO  [20110317 14:14:59] [26741] ArenaWSClient instantiated
INFO  [20110317 14:29:06] [24076] instantiate ArenaIntegrationPlugin
INFO  [20110317 14:29:06] [24076] ArenaWSClient instantiated
INFO  [20110317 14:29:06] [24076] ArenaWSClient instantiated
INFO  [20110317 14:29:06] [24076] ArenaWSClient instantiated
INFO  [20110317 14:47:07] [24076] instantiate ArenaIntegrationPlugin
INFO  [20110317 14:47:07] [24076] ArenaWSClient instantiated
INFO  [20110318 16:55:05] [24076] instantiate ArenaIntegrationPlugin
INFO  [20110318 16:55:05] [24076] ArenaWSClient instantiated
INFO  [20110318 16:55:21] [24636] instantiate ArenaIntegrationPlugin
INFO  [20110318 16:55:22] [24076] instantiate ArenaIntegrationPlugin
INFO  [20110318 16:55:22] [24076] ChmsIntegrationPlugin:authenticate
INFO  [20110318 16:55:25] [24078] instantiate ArenaIntegrationPlugin
INFO  [20110318 16:55:25] [24078] ChmsIntegrationPlugin:authenticate
INFO  [20110318 16:55:25] [24078] ArenaWSClient instantiated
INFO  [20110318 16:55:26] [24078] successful login for russellto, session is 4a8c64a7-5b1b-49ee-874d-c01873e4422f
INFO  [20110318 16:55:26] [24077] instantiate ArenaIntegrationPlugin
INFO  [20110318 16:55:28] [24079] instantiate ArenaIntegrationPlugin
INFO  [20110318 16:55:29] [24074] instantiate ArenaIntegrationPlugin
INFO  [20110318 16:55:29] [24077] instantiate ArenaIntegrationPlugin
INFO  [20110318 16:55:30] [26741] instantiate ArenaIntegrationPlugin
INFO  [20110318 16:55:30] [24075] instantiate ArenaIntegrationPlugin
INFO  [20110318 16:55:36] [24080] instantiate ArenaIntegrationPlugin
INFO  [20110318 16:55:44] [24076] instantiate ArenaIntegrationPlugin
INFO  [20110318 16:55:49] [24074] instantiate ArenaIntegrationPlugin
INFO  [20110318 16:56:20] [24075] instantiate ArenaIntegrationPlugin
INFO  [20110318 16:56:20] [25217] instantiate ArenaIntegrationPlugin
